
> angular-app@0.0.0 start
> ng serve --host 127.0.0.1 --port 4200

[33m❯[39m Building...
[32m✔[39m Building...
[1mInitial chunk files[22m[2m | [22m[1mNames[22m           [2m | [22m [1mRaw size[22m
[32mmain.js[39m            [2m | [22m[2mmain[22m            [2m | [22m [36m51.42 kB[39m[2m | [22m
[32mstyles.css[39m         [2m | [22m[2mstyles[22m          [2m | [22m [36m12.89 kB[39m[2m | [22m
[32mchunk-34IR5LSD.js[39m  [2m | [22m[2m-[22m               [2m | [22m  [36m6.00 kB[39m[2m | [22m
[32mchunk-IMTQAFPY.js[39m  [2m | [22m[2m-[22m               [2m | [22m  [36m5.42 kB[39m[2m | [22m
[32mchunk-6QT6OZRQ.js[39m  [2m | [22m[2m-[22m               [2m | [22m  [36m2.74 kB[39m[2m | [22m

[1m [22m                  [2m | [22m[1mInitial total[22m   [2m | [22m [1m78.48 kB[22m

[1mLazy chunk files[22m   [2m | [22m[1mNames[22m           [2m | [22m [1mRaw size[22m
[32mchunk-VYYYDT2N.js[39m  [2m | [22m[2meditor[22m          [2m | [22m[36m490.26 kB[39m[2m | [22m
[32mchunk-U34SMAZQ.js[39m  [2m | [22m[2m-[22m               [2m | [22m[36m166.19 kB[39m[2m | [22m
[32mchunk-UTK67M5K.js[39m  [2m | [22m[2mlanding[22m         [2m | [22m [36m77.44 kB[39m[2m | [22m
[32mchunk-QD3GDCIW.js[39m  [2m | [22m[2mdashboard[22m       [2m | [22m [36m59.32 kB[39m[2m | [22m
[32mchunk-EQKMPE6C.js[39m  [2m | [22m[2manalytics[22m       [2m | [22m [36m58.32 kB[39m[2m | [22m
[32mchunk-W4JSXQFX.js[39m  [2m | [22m[2mtemplate-details[22m[2m | [22m [36m56.67 kB[39m[2m | [22m
[32mchunk-CII6BBZT.js[39m  [2m | [22m[2m-[22m               [2m | [22m [36m50.32 kB[39m[2m | [22m
[32mchunk-GJWLT3RI.js[39m  [2m | [22m[2msurvey-response[22m [2m | [22m [36m36.87 kB[39m[2m | [22m
[32mchunk-GF2PD6LZ.js[39m  [2m | [22m[2mtour[22m            [2m | [22m [36m33.72 kB[39m[2m | [22m
[32mchunk-GJ227S33.js[39m  [2m | [22m[2mtemplates[22m       [2m | [22m [36m26.27 kB[39m[2m | [22m
[32mchunk-OVRFAXC5.js[39m  [2m | [22m[2m-[22m               [2m | [22m [36m23.20 kB[39m[2m | [22m
[32mchunk-T6UT3ZKR.js[39m  [2m | [22m[2mshowcase[22m        [2m | [22m [36m21.91 kB[39m[2m | [22m
[32mchunk-YBWVETW7.js[39m  [2m | [22m[2mapi-docs[22m        [2m | [22m [36m20.67 kB[39m[2m | [22m
[32mchunk-IVXKKQDN.js[39m  [2m | [22m[2m-[22m               [2m | [22m [36m10.35 kB[39m[2m | [22m

Application bundle generation complete. [2.910 seconds] - 2026-05-15T21:38:21.907Z

Watch mode enabled. Watching for file changes...
NOTE: Raw file sizes do not reflect development server per-request transformations.
  [32m➜[39m  [1mLocal[22m:   [36mhttp://127.0.0.1:[1m4200[22m/[39m
[33m❯[39m Changes detected. Rebuilding...
[32m✔[39m Changes detected. Rebuilding...
[1mInitial chunk files[22m[2m | [22m[1mNames[22m [2m | [22m [1mRaw size[22m
[32mmain.js[39m            [2m | [22m[2mmain[22m  [2m | [22m [36m51.42 kB[39m[2m | [22m

[1mLazy chunk files[22m   [2m | [22m[1mNames[22m [2m | [22m [1mRaw size[22m
[32mchunk-COHRUT3A.js[39m  [2m | [22m[2meditor[22m[2m | [22m[36m493.03 kB[39m[2m | [22m

Application bundle generation complete. [2.005 seconds] - 2026-05-15T21:42:27.057Z

Component update sent to client(s).
[33m❯[39m Changes detected. Rebuilding...
[32m✔[39m Changes detected. Rebuilding...
[1mInitial chunk files[22m[2m | [22m[1mNames[22m [2m | [22m [1mRaw size[22m
[32mmain.js[39m            [2m | [22m[2mmain[22m  [2m | [22m [36m51.42 kB[39m[2m | [22m

[1mLazy chunk files[22m   [2m | [22m[1mNames[22m [2m | [22m [1mRaw size[22m
[32mchunk-CEKLABSN.js[39m  [2m | [22m[2meditor[22m[2m | [22m[36m493.12 kB[39m[2m | [22m

Application bundle generation complete. [0.988 seconds] - 2026-05-15T21:42:30.266Z

Component update sent to client(s).
[33m❯[39m Changes detected. Rebuilding...
[32m✔[39m Changes detected. Rebuilding...
[1mInitial chunk files[22m[2m | [22m[1mNames[22m [2m | [22m [1mRaw size[22m
[32mmain.js[39m            [2m | [22m[2mmain[22m  [2m | [22m [36m51.42 kB[39m[2m | [22m

[1mLazy chunk files[22m   [2m | [22m[1mNames[22m [2m | [22m [1mRaw size[22m
[32mchunk-CWSYWY6X.js[39m  [2m | [22m[2meditor[22m[2m | [22m[36m495.44 kB[39m[2m | [22m

Application bundle generation complete. [0.900 seconds] - 2026-05-15T21:42:42.606Z

Page reload sent to client(s).
[33m❯[39m Changes detected. Rebuilding...
[32m✔[39m Changes detected. Rebuilding...
[1mInitial chunk files[22m[2m | [22m[1mNames[22m [2m | [22m [1mRaw size[22m
[32mmain.js[39m            [2m | [22m[2mmain[22m  [2m | [22m [36m51.42 kB[39m[2m | [22m

[1mLazy chunk files[22m   [2m | [22m[1mNames[22m [2m | [22m [1mRaw size[22m
[32mchunk-7GZNP66A.js[39m  [2m | [22m[2meditor[22m[2m | [22m[36m498.06 kB[39m[2m | [22m

Application bundle generation complete. [0.941 seconds] - 2026-05-15T21:42:54.999Z

Component update sent to client(s).
[33m❯[39m Changes detected. Rebuilding...
[32m✔[39m Changes detected. Rebuilding...
[1mInitial chunk files[22m[2m | [22m[1mNames[22m [2m | [22m [1mRaw size[22m
[32mmain.js[39m            [2m | [22m[2mmain[22m  [2m | [22m [36m51.42 kB[39m[2m | [22m

[1mLazy chunk files[22m   [2m | [22m[1mNames[22m [2m | [22m [1mRaw size[22m
[32mchunk-F6AWA7UC.js[39m  [2m | [22m[2meditor[22m[2m | [22m[36m498.06 kB[39m[2m | [22m

Application bundle generation complete. [0.681 seconds] - 2026-05-15T21:42:58.367Z

Page reload sent to client(s).
[33m❯[39m Changes detected. Rebuilding...
[32m✔[39m Changes detected. Rebuilding...
[1mInitial chunk files[22m[2m | [22m[1mNames[22m [2m | [22m [1mRaw size[22m
[32mmain.js[39m            [2m | [22m[2mmain[22m  [2m | [22m [36m51.42 kB[39m[2m | [22m

[1mLazy chunk files[22m   [2m | [22m[1mNames[22m [2m | [22m [1mRaw size[22m
[32mchunk-RQM2XVJD.js[39m  [2m | [22m[2meditor[22m[2m | [22m[36m504.29 kB[39m[2m | [22m

Application bundle generation complete. [0.463 seconds] - 2026-05-15T21:51:55.185Z

Page reload sent to client(s).
[33m❯[39m Changes detected. Rebuilding...
[32m✔[39m Changes detected. Rebuilding...
[1mInitial chunk files[22m[2m | [22m[1mNames[22m [2m | [22m [1mRaw size[22m
[32mmain.js[39m            [2m | [22m[2mmain[22m  [2m | [22m [36m51.42 kB[39m[2m | [22m

[1mLazy chunk files[22m   [2m | [22m[1mNames[22m [2m | [22m [1mRaw size[22m
[32mchunk-DFLS7LNZ.js[39m  [2m | [22m[2meditor[22m[2m | [22m[36m505.31 kB[39m[2m | [22m

Application bundle generation complete. [0.414 seconds] - 2026-05-15T21:52:09.190Z

Page reload sent to client(s).
[33m❯[39m Changes detected. Rebuilding...
[32m✔[39m Changes detected. Rebuilding...
[1mInitial chunk files[22m[2m | [22m[1mNames[22m [2m | [22m [1mRaw size[22m
[32mmain.js[39m            [2m | [22m[2mmain[22m  [2m | [22m [36m51.42 kB[39m[2m | [22m

[1mLazy chunk files[22m   [2m | [22m[1mNames[22m [2m | [22m [1mRaw size[22m
[32mchunk-CNT5SWHV.js[39m  [2m | [22m[2meditor[22m[2m | [22m[36m505.06 kB[39m[2m | [22m

Application bundle generation complete. [0.431 seconds] - 2026-05-15T21:52:14.301Z

Page reload sent to client(s).
[33m❯[39m Changes detected. Rebuilding...
[32m✔[39m Changes detected. Rebuilding...
Application bundle generation failed. [0.622 seconds] - 2026-05-15T21:52:42.988Z

[33m❯[39m Changes detected. Rebuilding...
[32m✔[39m Changes detected. Rebuilding...
[1mInitial chunk files[22m[2m | [22m[1mNames[22m           [2m | [22m [1mRaw size[22m
[32mmain.js[39m            [2m | [22m[2mmain[22m            [2m | [22m [36m51.42 kB[39m[2m | [22m
[32mstyles.css[39m         [2m | [22m[2mstyles[22m          [2m | [22m [36m12.89 kB[39m[2m | [22m
[32mchunk-34IR5LSD.js[39m  [2m | [22m[2m-[22m               [2m | [22m  [36m6.00 kB[39m[2m | [22m
[32mchunk-IMTQAFPY.js[39m  [2m | [22m[2m-[22m               [2m | [22m  [36m5.42 kB[39m[2m | [22m
[32mchunk-6QT6OZRQ.js[39m  [2m | [22m[2m-[22m               [2m | [22m  [36m2.74 kB[39m[2m | [22m

[1m [22m                  [2m | [22m[1mInitial total[22m   [2m | [22m [1m78.48 kB[22m

[1mLazy chunk files[22m   [2m | [22m[1mNames[22m           [2m | [22m [1mRaw size[22m
[32mchunk-NADHDYFJ.js[39m  [2m | [22m[2meditor[22m          [2m | [22m[36m504.00 kB[39m[2m | [22m
[32mchunk-U34SMAZQ.js[39m  [2m | [22m[2m-[22m               [2m | [22m[36m166.19 kB[39m[2m | [22m
[32mchunk-UTK67M5K.js[39m  [2m | [22m[2mlanding[22m         [2m | [22m [36m77.44 kB[39m[2m | [22m
[32mchunk-QD3GDCIW.js[39m  [2m | [22m[2mdashboard[22m       [2m | [22m [36m59.32 kB[39m[2m | [22m
[32mchunk-EQKMPE6C.js[39m  [2m | [22m[2manalytics[22m       [2m | [22m [36m58.32 kB[39m[2m | [22m
[32mchunk-W4JSXQFX.js[39m  [2m | [22m[2mtemplate-details[22m[2m | [22m [36m56.67 kB[39m[2m | [22m
[32mchunk-CII6BBZT.js[39m  [2m | [22m[2m-[22m               [2m | [22m [36m50.32 kB[39m[2m | [22m
[32mchunk-GJWLT3RI.js[39m  [2m | [22m[2msurvey-response[22m [2m | [22m [36m36.87 kB[39m[2m | [22m
[32mchunk-GF2PD6LZ.js[39m  [2m | [22m[2mtour[22m            [2m | [22m [36m33.72 kB[39m[2m | [22m
[32mchunk-GJ227S33.js[39m  [2m | [22m[2mtemplates[22m       [2m | [22m [36m26.27 kB[39m[2m | [22m
[32mchunk-OVRFAXC5.js[39m  [2m | [22m[2m-[22m               [2m | [22m [36m23.20 kB[39m[2m | [22m
[32mchunk-T6UT3ZKR.js[39m  [2m | [22m[2mshowcase[22m        [2m | [22m [36m21.91 kB[39m[2m | [22m
[32mchunk-YBWVETW7.js[39m  [2m | [22m[2mapi-docs[22m        [2m | [22m [36m20.67 kB[39m[2m | [22m
[32mchunk-IVXKKQDN.js[39m  [2m | [22m[2m-[22m               [2m | [22m [36m10.35 kB[39m[2m | [22m

Application bundle generation complete. [0.648 seconds] - 2026-05-15T21:52:53.934Z

Page reload sent to client(s).
[33m❯[39m Changes detected. Rebuilding...
[32m✔[39m Changes detected. Rebuilding...
[1mInitial chunk files[22m[2m | [22m[1mNames[22m [2m | [22m [1mRaw size[22m
[32mmain.js[39m            [2m | [22m[2mmain[22m  [2m | [22m [36m51.42 kB[39m[2m | [22m

[1mLazy chunk files[22m   [2m | [22m[1mNames[22m [2m | [22m [1mRaw size[22m
[32mchunk-5C3X2RZD.js[39m  [2m | [22m[2meditor[22m[2m | [22m[36m504.16 kB[39m[2m | [22m

Application bundle generation complete. [0.714 seconds] - 2026-05-15T21:53:05.993Z

Component update sent to client(s).
[33m❯[39m Changes detected. Rebuilding...
[32m✔[39m Changes detected. Rebuilding...
[1mInitial chunk files[22m[2m | [22m[1mNames[22m [2m | [22m [1mRaw size[22m
[32mmain.js[39m            [2m | [22m[2mmain[22m  [2m | [22m [36m51.42 kB[39m[2m | [22m

[1mLazy chunk files[22m   [2m | [22m[1mNames[22m [2m | [22m [1mRaw size[22m
[32mchunk-ECITA4C2.js[39m  [2m | [22m[2meditor[22m[2m | [22m[36m507.52 kB[39m[2m | [22m

Application bundle generation complete. [0.767 seconds] - 2026-05-15T21:53:23.610Z

Component update sent to client(s).
[33m❯[39m Changes detected. Rebuilding...
[32m✔[39m Changes detected. Rebuilding...
[1mInitial chunk files[22m[2m | [22m[1mNames[22m [2m | [22m [1mRaw size[22m
[32mmain.js[39m            [2m | [22m[2mmain[22m  [2m | [22m [36m51.42 kB[39m[2m | [22m

[1mLazy chunk files[22m   [2m | [22m[1mNames[22m [2m | [22m [1mRaw size[22m
[32mchunk-653X3WCX.js[39m  [2m | [22m[2meditor[22m[2m | [22m[36m507.47 kB[39m[2m | [22m

Application bundle generation complete. [0.566 seconds] - 2026-05-15T21:53:34.931Z

Page reload sent to client(s).
[33m❯[39m Changes detected. Rebuilding...
[32m✔[39m Changes detected. Rebuilding...
[1mInitial chunk files[22m[2m | [22m[1mNames[22m [2m | [22m [1mRaw size[22m
[32mmain.js[39m            [2m | [22m[2mmain[22m  [2m | [22m [36m51.42 kB[39m[2m | [22m

[1mLazy chunk files[22m   [2m | [22m[1mNames[22m [2m | [22m [1mRaw size[22m
[32mchunk-GQVMWBQW.js[39m  [2m | [22m[2meditor[22m[2m | [22m[36m507.93 kB[39m[2m | [22m

Application bundle generation complete. [0.605 seconds] - 2026-05-15T21:53:45.262Z

Component update sent to client(s).
[33m❯[39m Changes detected. Rebuilding...
[32m✔[39m Changes detected. Rebuilding...
[1mInitial chunk files[22m[2m | [22m[1mNames[22m [2m | [22m [1mRaw size[22m
[32mmain.js[39m            [2m | [22m[2mmain[22m  [2m | [22m [36m51.42 kB[39m[2m | [22m

[1mLazy chunk files[22m   [2m | [22m[1mNames[22m [2m | [22m [1mRaw size[22m
[32mchunk-QNVOLWGN.js[39m  [2m | [22m[2meditor[22m[2m | [22m[36m509.92 kB[39m[2m | [22m

Application bundle generation complete. [0.671 seconds] - 2026-05-15T22:52:19.313Z

Page reload sent to client(s).
[33m❯[39m Changes detected. Rebuilding...
[32m✔[39m Changes detected. Rebuilding...
[1mInitial chunk files[22m[2m | [22m[1mNames[22m [2m | [22m [1mRaw size[22m
[32mmain.js[39m            [2m | [22m[2mmain[22m  [2m | [22m [36m51.42 kB[39m[2m | [22m

[1mLazy chunk files[22m   [2m | [22m[1mNames[22m [2m | [22m [1mRaw size[22m
[32mchunk-W5H67NIP.js[39m  [2m | [22m[2meditor[22m[2m | [22m[36m509.94 kB[39m[2m | [22m

Application bundle generation complete. [0.613 seconds] - 2026-05-15T22:52:27.060Z

Page reload sent to client(s).
[33m❯[39m Changes detected. Rebuilding...
[32m✔[39m Changes detected. Rebuilding...
[1mInitial chunk files[22m[2m | [22m[1mNames[22m [2m | [22m [1mRaw size[22m
[32mmain.js[39m            [2m | [22m[2mmain[22m  [2m | [22m [36m51.42 kB[39m[2m | [22m

[1mLazy chunk files[22m   [2m | [22m[1mNames[22m [2m | [22m [1mRaw size[22m
[32mchunk-MDLWA2QP.js[39m  [2m | [22m[2meditor[22m[2m | [22m[36m502.96 kB[39m[2m | [22m

Application bundle generation complete. [0.626 seconds] - 2026-05-15T22:52:41.014Z

Component update sent to client(s).
[33m❯[39m Changes detected. Rebuilding...
[32m✔[39m Changes detected. Rebuilding...
[1mInitial chunk files[22m[2m | [22m[1mNames[22m [2m | [22m [1mRaw size[22m
[32mmain.js[39m            [2m | [22m[2mmain[22m  [2m | [22m [36m51.42 kB[39m[2m | [22m

[1mLazy chunk files[22m   [2m | [22m[1mNames[22m [2m | [22m [1mRaw size[22m
[32mchunk-KV7Q7HMW.js[39m  [2m | [22m[2meditor[22m[2m | [22m[36m525.95 kB[39m[2m | [22m

Application bundle generation complete. [0.995 seconds] - 2026-05-15T22:53:09.085Z

Component update sent to client(s).
[33m❯[39m Changes detected. Rebuilding...
[32m✔[39m Changes detected. Rebuilding...
[1mInitial chunk files[22m[2m | [22m[1mNames[22m [2m | [22m [1mRaw size[22m
[32mmain.js[39m            [2m | [22m[2mmain[22m  [2m | [22m [36m51.42 kB[39m[2m | [22m

[1mLazy chunk files[22m   [2m | [22m[1mNames[22m [2m | [22m [1mRaw size[22m
[32mchunk-7OYZCIZR.js[39m  [2m | [22m[2meditor[22m[2m | [22m[36m544.20 kB[39m[2m | [22m

Application bundle generation complete. [1.019 seconds] - 2026-05-15T22:54:14.071Z

Component update sent to client(s).
[33m❯[39m Changes detected. Rebuilding...
[32m✔[39m Changes detected. Rebuilding...
[1mInitial chunk files[22m[2m | [22m[1mNames[22m [2m | [22m [1mRaw size[22m
[32mmain.js[39m            [2m | [22m[2mmain[22m  [2m | [22m [36m51.42 kB[39m[2m | [22m

[1mLazy chunk files[22m   [2m | [22m[1mNames[22m [2m | [22m [1mRaw size[22m
[32mchunk-AJJYP6MS.js[39m  [2m | [22m[2meditor[22m[2m | [22m[36m544.23 kB[39m[2m | [22m

Application bundle generation complete. [0.727 seconds] - 2026-05-15T22:54:26.590Z

Page reload sent to client(s).
[33m❯[39m Changes detected. Rebuilding...
[32m✔[39m Changes detected. Rebuilding...
[1mInitial chunk files[22m[2m | [22m[1mNames[22m [2m | [22m [1mRaw size[22m
[32mmain.js[39m            [2m | [22m[2mmain[22m  [2m | [22m [36m51.42 kB[39m[2m | [22m

[1mLazy chunk files[22m   [2m | [22m[1mNames[22m [2m | [22m [1mRaw size[22m
[32mchunk-VVRQZF5P.js[39m  [2m | [22m[2meditor[22m[2m | [22m[36m543.86 kB[39m[2m | [22m

Application bundle generation complete. [1.151 seconds] - 2026-05-15T22:57:57.698Z

Component update sent to client(s).
[33m❯[39m Changes detected. Rebuilding...
[32m✔[39m Changes detected. Rebuilding...
[1mInitial chunk files[22m[2m | [22m[1mNames[22m [2m | [22m [1mRaw size[22m
[32mmain.js[39m            [2m | [22m[2mmain[22m  [2m | [22m [36m51.42 kB[39m[2m | [22m

[1mLazy chunk files[22m   [2m | [22m[1mNames[22m [2m | [22m [1mRaw size[22m
[32mchunk-YMFHPDJV.js[39m  [2m | [22m[2meditor[22m[2m | [22m[36m539.40 kB[39m[2m | [22m

Application bundle generation complete. [1.033 seconds] - 2026-05-15T23:01:18.205Z

Component update sent to client(s).
[33m❯[39m Changes detected. Rebuilding...
[32m✔[39m Changes detected. Rebuilding...
Application bundle generation failed. [0.964 seconds] - 2026-05-15T23:01:26.588Z

[33m❯[39m Changes detected. Rebuilding...
[32m✔[39m Changes detected. Rebuilding...
[1mInitial chunk files[22m[2m | [22m[1mNames[22m           [2m | [22m [1mRaw size[22m
[32mmain.js[39m            [2m | [22m[2mmain[22m            [2m | [22m [36m51.42 kB[39m[2m | [22m
[32mstyles.css[39m         [2m | [22m[2mstyles[22m          [2m | [22m [36m12.89 kB[39m[2m | [22m
[32mchunk-34IR5LSD.js[39m  [2m | [22m[2m-[22m               [2m | [22m  [36m6.00 kB[39m[2m | [22m
[32mchunk-IMTQAFPY.js[39m  [2m | [22m[2m-[22m               [2m | [22m  [36m5.42 kB[39m[2m | [22m
[32mchunk-6QT6OZRQ.js[39m  [2m | [22m[2m-[22m               [2m | [22m  [36m2.74 kB[39m[2m | [22m

[1m [22m                  [2m | [22m[1mInitial total[22m   [2m | [22m [1m78.48 kB[22m

[1mLazy chunk files[22m   [2m | [22m[1mNames[22m           [2m | [22m [1mRaw size[22m
[32mchunk-TSCQIH56.js[39m  [2m | [22m[2meditor[22m          [2m | [22m[36m542.09 kB[39m[2m | [22m
[32mchunk-U34SMAZQ.js[39m  [2m | [22m[2m-[22m               [2m | [22m[36m166.19 kB[39m[2m | [22m
[32mchunk-UTK67M5K.js[39m  [2m | [22m[2mlanding[22m         [2m | [22m [36m77.44 kB[39m[2m | [22m
[32mchunk-QD3GDCIW.js[39m  [2m | [22m[2mdashboard[22m       [2m | [22m [36m59.32 kB[39m[2m | [22m
[32mchunk-EQKMPE6C.js[39m  [2m | [22m[2manalytics[22m       [2m | [22m [36m58.32 kB[39m[2m | [22m
[32mchunk-W4JSXQFX.js[39m  [2m | [22m[2mtemplate-details[22m[2m | [22m [36m56.67 kB[39m[2m | [22m
[32mchunk-CII6BBZT.js[39m  [2m | [22m[2m-[22m               [2m | [22m [36m50.32 kB[39m[2m | [22m
[32mchunk-GJWLT3RI.js[39m  [2m | [22m[2msurvey-response[22m [2m | [22m [36m36.87 kB[39m[2m | [22m
[32mchunk-GF2PD6LZ.js[39m  [2m | [22m[2mtour[22m            [2m | [22m [36m33.72 kB[39m[2m | [22m
[32mchunk-GJ227S33.js[39m  [2m | [22m[2mtemplates[22m       [2m | [22m [36m26.27 kB[39m[2m | [22m
[32mchunk-OVRFAXC5.js[39m  [2m | [22m[2m-[22m               [2m | [22m [36m23.20 kB[39m[2m | [22m
[32mchunk-T6UT3ZKR.js[39m  [2m | [22m[2mshowcase[22m        [2m | [22m [36m21.91 kB[39m[2m | [22m
[32mchunk-YBWVETW7.js[39m  [2m | [22m[2mapi-docs[22m        [2m | [22m [36m20.67 kB[39m[2m | [22m
[32mchunk-IVXKKQDN.js[39m  [2m | [22m[2m-[22m               [2m | [22m [36m10.35 kB[39m[2m | [22m

Application bundle generation complete. [0.862 seconds] - 2026-05-15T23:01:38.228Z

Page reload sent to client(s).
[33m❯[39m Changes detected. Rebuilding...
[32m✔[39m Changes detected. Rebuilding...
[1mInitial chunk files[22m[2m | [22m[1mNames[22m [2m | [22m [1mRaw size[22m
[32mmain.js[39m            [2m | [22m[2mmain[22m  [2m | [22m [36m51.42 kB[39m[2m | [22m

[1mLazy chunk files[22m   [2m | [22m[1mNames[22m [2m | [22m [1mRaw size[22m
[32mchunk-YIMQKAOC.js[39m  [2m | [22m[2meditor[22m[2m | [22m[36m553.00 kB[39m[2m | [22m

Application bundle generation complete. [1.047 seconds] - 2026-05-15T23:02:18.214Z

Component update sent to client(s).
[33m❯[39m Changes detected. Rebuilding...
[32m✔[39m Changes detected. Rebuilding...
[1mInitial chunk files[22m[2m | [22m[1mNames[22m           [2m | [22m [1mRaw size[22m
[32mmain.js[39m            [2m | [22m[2mmain[22m            [2m | [22m [36m51.42 kB[39m[2m | [22m

[1mLazy chunk files[22m   [2m | [22m[1mNames[22m           [2m | [22m [1mRaw size[22m
[32mchunk-KCFGCDOR.js[39m  [2m | [22m[2meditor[22m          [2m | [22m[36m553.00 kB[39m[2m | [22m
[32mchunk-IVE5RGP2.js[39m  [2m | [22m[2mdashboard[22m       [2m | [22m [36m59.32 kB[39m[2m | [22m
[32mchunk-YLLUZTKW.js[39m  [2m | [22m[2manalytics[22m       [2m | [22m [36m58.32 kB[39m[2m | [22m
[32mchunk-XIXBRGOO.js[39m  [2m | [22m[2mtemplate-details[22m[2m | [22m [36m56.67 kB[39m[2m | [22m
[32mchunk-4E66ABQ3.js[39m  [2m | [22m[2msurvey-response[22m [2m | [22m [36m36.87 kB[39m[2m | [22m
[32mchunk-H4E6BRRA.js[39m  [2m | [22m[2m-[22m               [2m | [22m [36m23.20 kB[39m[2m | [22m

Application bundle generation complete. [0.428 seconds] - 2026-05-15T23:07:19.092Z

Page reload sent to client(s).
[33m❯[39m Changes detected. Rebuilding...
[32m✔[39m Changes detected. Rebuilding...
[1mInitial chunk files[22m[2m | [22m[1mNames[22m           [2m | [22m [1mRaw size[22m
[32mmain.js[39m            [2m | [22m[2mmain[22m            [2m | [22m [36m51.42 kB[39m[2m | [22m

[1mLazy chunk files[22m   [2m | [22m[1mNames[22m           [2m | [22m [1mRaw size[22m
[32mchunk-Y52YKZ4E.js[39m  [2m | [22m[2meditor[22m          [2m | [22m[36m553.00 kB[39m[2m | [22m
[32mchunk-GUIPT4HF.js[39m  [2m | [22m[2mdashboard[22m       [2m | [22m [36m59.32 kB[39m[2m | [22m
[32mchunk-SUODU2DD.js[39m  [2m | [22m[2manalytics[22m       [2m | [22m [36m58.32 kB[39m[2m | [22m
[32mchunk-XY5O7JOH.js[39m  [2m | [22m[2mtemplate-details[22m[2m | [22m [36m56.67 kB[39m[2m | [22m
[32mchunk-EN33YF6Z.js[39m  [2m | [22m[2msurvey-response[22m [2m | [22m [36m36.87 kB[39m[2m | [22m
[32mchunk-Q4AQA774.js[39m  [2m | [22m[2m-[22m               [2m | [22m [36m23.30 kB[39m[2m | [22m

Application bundle generation complete. [0.428 seconds] - 2026-05-15T23:07:23.799Z

Page reload sent to client(s).
[33m❯[39m Changes detected. Rebuilding...
[32m✔[39m Changes detected. Rebuilding...
[1mInitial chunk files[22m[2m | [22m[1mNames[22m           [2m | [22m [1mRaw size[22m
[32mmain.js[39m            [2m | [22m[2mmain[22m            [2m | [22m [36m51.42 kB[39m[2m | [22m

[1mLazy chunk files[22m   [2m | [22m[1mNames[22m           [2m | [22m [1mRaw size[22m
[32mchunk-UCWNST3O.js[39m  [2m | [22m[2meditor[22m          [2m | [22m[36m553.00 kB[39m[2m | [22m
[32mchunk-FGJ7RB4F.js[39m  [2m | [22m[2mdashboard[22m       [2m | [22m [36m59.32 kB[39m[2m | [22m
[32mchunk-INPF2O4A.js[39m  [2m | [22m[2manalytics[22m       [2m | [22m [36m58.32 kB[39m[2m | [22m
[32mchunk-Q3NFTVJW.js[39m  [2m | [22m[2mtemplate-details[22m[2m | [22m [36m56.67 kB[39m[2m | [22m
[32mchunk-23XFNXWW.js[39m  [2m | [22m[2msurvey-response[22m [2m | [22m [36m36.87 kB[39m[2m | [22m
[32mchunk-EPMDDS6R.js[39m  [2m | [22m[2m-[22m               [2m | [22m [36m23.35 kB[39m[2m | [22m

Application bundle generation complete. [0.332 seconds] - 2026-05-15T23:07:30.521Z

Page reload sent to client(s).
[33m❯[39m Changes detected. Rebuilding...
[32m✔[39m Changes detected. Rebuilding...
[1mInitial chunk files[22m[2m | [22m[1mNames[22m          [2m | [22m [1mRaw size[22m
[32mmain.js[39m            [2m | [22m[2mmain[22m           [2m | [22m [36m51.42 kB[39m[2m | [22m

[1mLazy chunk files[22m   [2m | [22m[1mNames[22m          [2m | [22m [1mRaw size[22m
[32mchunk-P3ZXMPAM.js[39m  [2m | [22m[2meditor[22m         [2m | [22m[36m553.00 kB[39m[2m | [22m
[32mchunk-6R3TYRBQ.js[39m  [2m | [22m[2m-[22m              [2m | [22m[36m166.28 kB[39m[2m | [22m
[32mchunk-4LDZSKJF.js[39m  [2m | [22m[2msurvey-response[22m[2m | [22m [36m36.87 kB[39m[2m | [22m

Application bundle generation complete. [0.528 seconds] - 2026-05-15T23:07:37.148Z

Page reload sent to client(s).
[33m❯[39m Changes detected. Rebuilding...
[32m✔[39m Changes detected. Rebuilding...
[1mInitial chunk files[22m[2m | [22m[1mNames[22m [2m | [22m [1mRaw size[22m
[32mmain.js[39m            [2m | [22m[2mmain[22m  [2m | [22m [36m51.42 kB[39m[2m | [22m

[1mLazy chunk files[22m   [2m | [22m[1mNames[22m [2m | [22m [1mRaw size[22m
[32mchunk-BJAYYK6K.js[39m  [2m | [22m[2meditor[22m[2m | [22m[36m553.13 kB[39m[2m | [22m

Application bundle generation complete. [0.704 seconds] - 2026-05-15T23:07:55.148Z

Page reload sent to client(s).
[33m❯[39m Changes detected. Rebuilding...
[32m✔[39m Changes detected. Rebuilding...
[1mInitial chunk files[22m[2m | [22m[1mNames[22m [2m | [22m [1mRaw size[22m
[32mmain.js[39m            [2m | [22m[2mmain[22m  [2m | [22m [36m51.42 kB[39m[2m | [22m

[1mLazy chunk files[22m   [2m | [22m[1mNames[22m [2m | [22m [1mRaw size[22m
[32mchunk-OT24YS3Z.js[39m  [2m | [22m[2meditor[22m[2m | [22m[36m553.19 kB[39m[2m | [22m

Application bundle generation complete. [0.744 seconds] - 2026-05-15T23:07:58.509Z

Page reload sent to client(s).
[33m❯[39m Changes detected. Rebuilding...
[32m✔[39m Changes detected. Rebuilding...
[1mInitial chunk files[22m[2m | [22m[1mNames[22m [2m | [22m [1mRaw size[22m
[32mmain.js[39m            [2m | [22m[2mmain[22m  [2m | [22m [36m51.42 kB[39m[2m | [22m

[1mLazy chunk files[22m   [2m | [22m[1mNames[22m [2m | [22m [1mRaw size[22m
[32mchunk-XNYUZWNV.js[39m  [2m | [22m[2meditor[22m[2m | [22m[36m550.85 kB[39m[2m | [22m

Application bundle generation complete. [0.810 seconds] - 2026-05-15T23:08:40.149Z

Component update sent to client(s).
[33m❯[39m Changes detected. Rebuilding...
[32m✔[39m Changes detected. Rebuilding...
[1mInitial chunk files[22m[2m | [22m[1mNames[22m [2m | [22m [1mRaw size[22m
[32mmain.js[39m            [2m | [22m[2mmain[22m  [2m | [22m [36m51.42 kB[39m[2m | [22m

[1mLazy chunk files[22m   [2m | [22m[1mNames[22m [2m | [22m [1mRaw size[22m
[32mchunk-VB75Q674.js[39m  [2m | [22m[2meditor[22m[2m | [22m[36m551.18 kB[39m[2m | [22m

Application bundle generation complete. [0.802 seconds] - 2026-05-15T23:09:07.096Z

Page reload sent to client(s).
[33m❯[39m Changes detected. Rebuilding...
[32m✔[39m Changes detected. Rebuilding...
[1mInitial chunk files[22m[2m | [22m[1mNames[22m [2m | [22m [1mRaw size[22m
[32mmain.js[39m            [2m | [22m[2mmain[22m  [2m | [22m [36m51.42 kB[39m[2m | [22m

[1mLazy chunk files[22m   [2m | [22m[1mNames[22m [2m | [22m [1mRaw size[22m
[32mchunk-OIT46EN4.js[39m  [2m | [22m[2meditor[22m[2m | [22m[36m567.17 kB[39m[2m | [22m

Application bundle generation complete. [0.957 seconds] - 2026-05-15T23:10:00.200Z

Component update sent to client(s).
[33m❯[39m Changes detected. Rebuilding...
[32m✔[39m Changes detected. Rebuilding...
[1mInitial chunk files[22m[2m | [22m[1mNames[22m           [2m | [22m [1mRaw size[22m
[32mmain.js[39m            [2m | [22m[2mmain[22m            [2m | [22m [36m51.42 kB[39m[2m | [22m

[1mLazy chunk files[22m   [2m | [22m[1mNames[22m           [2m | [22m [1mRaw size[22m
[32mchunk-3T7ORN4H.js[39m  [2m | [22m[2meditor[22m          [2m | [22m[36m567.17 kB[39m[2m | [22m
[32mchunk-PZ6CEKX5.js[39m  [2m | [22m[2mdashboard[22m       [2m | [22m [36m59.32 kB[39m[2m | [22m
[32mchunk-EQSLKGGS.js[39m  [2m | [22m[2manalytics[22m       [2m | [22m [36m58.32 kB[39m[2m | [22m
[32mchunk-S6EZMFLV.js[39m  [2m | [22m[2mtemplate-details[22m[2m | [22m [36m56.67 kB[39m[2m | [22m
[32mchunk-3F3MTOST.js[39m  [2m | [22m[2msurvey-response[22m [2m | [22m [36m36.87 kB[39m[2m | [22m
[32mchunk-M7DLHATH.js[39m  [2m | [22m[2m-[22m               [2m | [22m [36m23.39 kB[39m[2m | [22m

Application bundle generation complete. [0.385 seconds] - 2026-05-15T23:10:10.053Z

Page reload sent to client(s).
[33m❯[39m Changes detected. Rebuilding...
[32m✔[39m Changes detected. Rebuilding...
[1mInitial chunk files[22m[2m | [22m[1mNames[22m [2m | [22m [1mRaw size[22m
[32mmain.js[39m            [2m | [22m[2mmain[22m  [2m | [22m [36m51.42 kB[39m[2m | [22m

[1mLazy chunk files[22m   [2m | [22m[1mNames[22m [2m | [22m [1mRaw size[22m
[32mchunk-BQH7HBDI.js[39m  [2m | [22m[2meditor[22m[2m | [22m[36m567.87 kB[39m[2m | [22m

Application bundle generation complete. [0.632 seconds] - 2026-05-15T23:16:14.832Z

Page reload sent to client(s).
[33m❯[39m Changes detected. Rebuilding...
[32m✔[39m Changes detected. Rebuilding...
[1mInitial chunk files[22m[2m | [22m[1mNames[22m [2m | [22m [1mRaw size[22m
[32mmain.js[39m            [2m | [22m[2mmain[22m  [2m | [22m [36m51.42 kB[39m[2m | [22m

[1mLazy chunk files[22m   [2m | [22m[1mNames[22m [2m | [22m [1mRaw size[22m
[32mchunk-BTUHX6LD.js[39m  [2m | [22m[2meditor[22m[2m | [22m[36m582.05 kB[39m[2m | [22m

Application bundle generation complete. [0.871 seconds] - 2026-05-15T23:16:46.699Z

Component update sent to client(s).
[33m❯[39m Changes detected. Rebuilding...
[32m✔[39m Changes detected. Rebuilding...
[1mInitial chunk files[22m[2m | [22m[1mNames[22m [2m | [22m [1mRaw size[22m
[32mmain.js[39m            [2m | [22m[2mmain[22m  [2m | [22m [36m51.42 kB[39m[2m | [22m

[1mLazy chunk files[22m   [2m | [22m[1mNames[22m [2m | [22m [1mRaw size[22m
[32mchunk-HJ5SJIS2.js[39m  [2m | [22m[2meditor[22m[2m | [22m[36m598.30 kB[39m[2m | [22m

Application bundle generation complete. [1.077 seconds] - 2026-05-15T23:17:12.684Z

Component update sent to client(s).
[33m❯[39m Changes detected. Rebuilding...
[32m✔[39m Changes detected. Rebuilding...
[1mInitial chunk files[22m[2m | [22m[1mNames[22m [2m | [22m [1mRaw size[22m
[32mmain.js[39m            [2m | [22m[2mmain[22m  [2m | [22m [36m51.42 kB[39m[2m | [22m

[1mLazy chunk files[22m   [2m | [22m[1mNames[22m [2m | [22m [1mRaw size[22m
[32mchunk-F7BFL3DG.js[39m  [2m | [22m[2meditor[22m[2m | [22m[36m610.48 kB[39m[2m | [22m

Application bundle generation complete. [1.056 seconds] - 2026-05-15T23:17:55.220Z

Component update sent to client(s).
[33m❯[39m Changes detected. Rebuilding...
[32m✔[39m Changes detected. Rebuilding...
[1mInitial chunk files[22m[2m | [22m[1mNames[22m [2m | [22m [1mRaw size[22m
[32mmain.js[39m            [2m | [22m[2mmain[22m  [2m | [22m [36m51.42 kB[39m[2m | [22m

[1mLazy chunk files[22m   [2m | [22m[1mNames[22m [2m | [22m [1mRaw size[22m
[32mchunk-FVL6CRS6.js[39m  [2m | [22m[2meditor[22m[2m | [22m[36m611.50 kB[39m[2m | [22m

Application bundle generation complete. [0.623 seconds] - 2026-05-15T23:20:31.162Z

Page reload sent to client(s).
[33m❯[39m Changes detected. Rebuilding...
[32m✔[39m Changes detected. Rebuilding...
[1mInitial chunk files[22m[2m | [22m[1mNames[22m [2m | [22m [1mRaw size[22m
[32mmain.js[39m            [2m | [22m[2mmain[22m  [2m | [22m [36m51.42 kB[39m[2m | [22m

[1mLazy chunk files[22m   [2m | [22m[1mNames[22m [2m | [22m [1mRaw size[22m
[32mchunk-S6IQS4EO.js[39m  [2m | [22m[2meditor[22m[2m | [22m[36m597.69 kB[39m[2m | [22m

Application bundle generation complete. [0.881 seconds] - 2026-05-15T23:21:02.732Z

Component update sent to client(s).
[33m❯[39m Changes detected. Rebuilding...
[32m✔[39m Changes detected. Rebuilding...
[1mInitial chunk files[22m[2m | [22m[1mNames[22m           [2m | [22m [1mRaw size[22m
[32mmain.js[39m            [2m | [22m[2mmain[22m            [2m | [22m [36m51.42 kB[39m[2m | [22m

[1mLazy chunk files[22m   [2m | [22m[1mNames[22m           [2m | [22m [1mRaw size[22m
[32mchunk-2IIR7U4Y.js[39m  [2m | [22m[2meditor[22m          [2m | [22m[36m608.99 kB[39m[2m | [22m
[32mchunk-OIRQWXZM.js[39m  [2m | [22m[2m-[22m               [2m | [22m[36m166.42 kB[39m[2m | [22m
[32mchunk-SU5TGCA7.js[39m  [2m | [22m[2mdashboard[22m       [2m | [22m [36m59.32 kB[39m[2m | [22m
[32mchunk-TOJ4HJIU.js[39m  [2m | [22m[2manalytics[22m       [2m | [22m [36m58.32 kB[39m[2m | [22m
[32mchunk-R6JJHHKO.js[39m  [2m | [22m[2mtemplate-details[22m[2m | [22m [36m56.67 kB[39m[2m | [22m
[32mchunk-5ORQNR7D.js[39m  [2m | [22m[2msurvey-response[22m [2m | [22m [36m36.87 kB[39m[2m | [22m
[32mchunk-EEGR42DU.js[39m  [2m | [22m[2m-[22m               [2m | [22m [36m23.39 kB[39m[2m | [22m

Application bundle generation complete. [0.909 seconds] - 2026-05-15T23:26:28.652Z

Page reload sent to client(s).
[33m❯[39m Changes detected. Rebuilding...
[32m✔[39m Changes detected. Rebuilding...
[1mInitial chunk files[22m[2m | [22m[1mNames[22m [2m | [22m [1mRaw size[22m
[32mmain.js[39m            [2m | [22m[2mmain[22m  [2m | [22m [36m51.42 kB[39m[2m | [22m

[1mLazy chunk files[22m   [2m | [22m[1mNames[22m [2m | [22m [1mRaw size[22m
[32mchunk-2E4I2FSR.js[39m  [2m | [22m[2meditor[22m[2m | [22m[36m607.17 kB[39m[2m | [22m

Application bundle generation complete. [0.844 seconds] - 2026-05-15T23:26:39.937Z

Component update sent to client(s).
[33m❯[39m Changes detected. Rebuilding...
[32m✔[39m Changes detected. Rebuilding...
[1mInitial chunk files[22m[2m | [22m[1mNames[22m [2m | [22m [1mRaw size[22m
[32mmain.js[39m            [2m | [22m[2mmain[22m  [2m | [22m [36m51.42 kB[39m[2m | [22m

[1mLazy chunk files[22m   [2m | [22m[1mNames[22m [2m | [22m [1mRaw size[22m
[32mchunk-6P3KOGXH.js[39m  [2m | [22m[2meditor[22m[2m | [22m[36m607.17 kB[39m[2m | [22m

Application bundle generation complete. [0.920 seconds] - 2026-05-15T23:38:27.720Z

Component update sent to client(s).
[33m❯[39m Changes detected. Rebuilding...
[32m✔[39m Changes detected. Rebuilding...
[1mInitial chunk files[22m[2m | [22m[1mNames[22m [2m | [22m [1mRaw size[22m
[32mmain.js[39m            [2m | [22m[2mmain[22m  [2m | [22m [36m51.42 kB[39m[2m | [22m

[1mLazy chunk files[22m   [2m | [22m[1mNames[22m [2m | [22m [1mRaw size[22m
[32mchunk-C3YPY4QN.js[39m  [2m | [22m[2meditor[22m[2m | [22m[36m607.16 kB[39m[2m | [22m

Application bundle generation complete. [0.696 seconds] - 2026-05-15T23:43:57.534Z

Page reload sent to client(s).
[33m❯[39m Changes detected. Rebuilding...
[32m✔[39m Changes detected. Rebuilding...
[1mInitial chunk files[22m[2m | [22m[1mNames[22m [2m | [22m [1mRaw size[22m
[32mmain.js[39m            [2m | [22m[2mmain[22m  [2m | [22m [36m51.42 kB[39m[2m | [22m

[1mLazy chunk files[22m   [2m | [22m[1mNames[22m [2m | [22m [1mRaw size[22m
[32mchunk-YSH4HX56.js[39m  [2m | [22m[2meditor[22m[2m | [22m[36m611.01 kB[39m[2m | [22m

Application bundle generation complete. [0.434 seconds] - 2026-05-15T23:44:19.693Z

Component update sent to client(s).
[33m❯[39m Changes detected. Rebuilding...
[32m✔[39m Changes detected. Rebuilding...
[1mInitial chunk files[22m[2m | [22m[1mNames[22m [2m | [22m [1mRaw size[22m
[32mmain.js[39m            [2m | [22m[2mmain[22m  [2m | [22m [36m51.42 kB[39m[2m | [22m

[1mLazy chunk files[22m   [2m | [22m[1mNames[22m [2m | [22m [1mRaw size[22m
[32mchunk-OWEGXAR6.js[39m  [2m | [22m[2meditor[22m[2m | [22m[36m611.17 kB[39m[2m | [22m

Application bundle generation complete. [0.573 seconds] - 2026-05-15T23:44:29.738Z

Page reload sent to client(s).
[33m❯[39m Changes detected. Rebuilding...
[32m✔[39m Changes detected. Rebuilding...
[1mInitial chunk files[22m[2m | [22m[1mNames[22m [2m | [22m [1mRaw size[22m
[32mmain.js[39m            [2m | [22m[2mmain[22m  [2m | [22m [36m51.42 kB[39m[2m | [22m

[1mLazy chunk files[22m   [2m | [22m[1mNames[22m [2m | [22m [1mRaw size[22m
[32mchunk-IWPF46XY.js[39m  [2m | [22m[2meditor[22m[2m | [22m[36m611.32 kB[39m[2m | [22m

Application bundle generation complete. [0.653 seconds] - 2026-05-15T23:44:33.572Z

Page reload sent to client(s).
[33m❯[39m Changes detected. Rebuilding...
[32m✔[39m Changes detected. Rebuilding...
[1mInitial chunk files[22m[2m | [22m[1mNames[22m [2m | [22m [1mRaw size[22m
[32mmain.js[39m            [2m | [22m[2mmain[22m  [2m | [22m [36m51.42 kB[39m[2m | [22m

[1mLazy chunk files[22m   [2m | [22m[1mNames[22m [2m | [22m [1mRaw size[22m
[32mchunk-DPJB2A4M.js[39m  [2m | [22m[2meditor[22m[2m | [22m[36m611.36 kB[39m[2m | [22m

Application bundle generation complete. [0.542 seconds] - 2026-05-15T23:44:36.598Z

Page reload sent to client(s).
[33m❯[39m Changes detected. Rebuilding...
[32m✔[39m Changes detected. Rebuilding...
[1mInitial chunk files[22m[2m | [22m[1mNames[22m [2m | [22m [1mRaw size[22m
[32mmain.js[39m            [2m | [22m[2mmain[22m  [2m | [22m [36m51.42 kB[39m[2m | [22m

[1mLazy chunk files[22m   [2m | [22m[1mNames[22m [2m | [22m [1mRaw size[22m
[32mchunk-7FHPJGMS.js[39m  [2m | [22m[2meditor[22m[2m | [22m[36m612.63 kB[39m[2m | [22m

Application bundle generation complete. [0.569 seconds] - 2026-05-15T23:44:48.375Z

Page reload sent to client(s).
[33m❯[39m Changes detected. Rebuilding...
[32m✔[39m Changes detected. Rebuilding...
[1mInitial chunk files[22m[2m | [22m[1mNames[22m [2m | [22m [1mRaw size[22m
[32mmain.js[39m            [2m | [22m[2mmain[22m  [2m | [22m [36m51.42 kB[39m[2m | [22m

[1mLazy chunk files[22m   [2m | [22m[1mNames[22m [2m | [22m [1mRaw size[22m
[32mchunk-NQ2GWVT3.js[39m  [2m | [22m[2meditor[22m[2m | [22m[36m609.36 kB[39m[2m | [22m

Application bundle generation complete. [0.616 seconds] - 2026-05-15T23:44:55.864Z

Component update sent to client(s).
[33m❯[39m Changes detected. Rebuilding...
[32m✔[39m Changes detected. Rebuilding...
[1mInitial chunk files[22m[2m | [22m[1mNames[22m [2m | [22m [1mRaw size[22m
[32mmain.js[39m            [2m | [22m[2mmain[22m  [2m | [22m [36m51.42 kB[39m[2m | [22m

[1mLazy chunk files[22m   [2m | [22m[1mNames[22m [2m | [22m [1mRaw size[22m
[32mchunk-WFX4VBMZ.js[39m  [2m | [22m[2meditor[22m[2m | [22m[36m608.56 kB[39m[2m | [22m

Application bundle generation complete. [0.745 seconds] - 2026-05-15T23:45:03.282Z

Component update sent to client(s).
[33m❯[39m Changes detected. Rebuilding...
[32m✔[39m Changes detected. Rebuilding...
[1mInitial chunk files[22m[2m | [22m[1mNames[22m [2m | [22m [1mRaw size[22m
[32mmain.js[39m            [2m | [22m[2mmain[22m  [2m | [22m [36m51.42 kB[39m[2m | [22m

[1mLazy chunk files[22m   [2m | [22m[1mNames[22m [2m | [22m [1mRaw size[22m
[32mchunk-W3PRVPIA.js[39m  [2m | [22m[2meditor[22m[2m | [22m[36m613.02 kB[39m[2m | [22m

Application bundle generation complete. [1.011 seconds] - 2026-05-15T23:46:17.426Z

Component update sent to client(s).
[33m❯[39m Changes detected. Rebuilding...
[32m✔[39m Changes detected. Rebuilding...
[1mInitial chunk files[22m[2m | [22m[1mNames[22m [2m | [22m [1mRaw size[22m
[32mmain.js[39m            [2m | [22m[2mmain[22m  [2m | [22m [36m51.42 kB[39m[2m | [22m

[1mLazy chunk files[22m   [2m | [22m[1mNames[22m [2m | [22m [1mRaw size[22m
[32mchunk-I6S266RS.js[39m  [2m | [22m[2meditor[22m[2m | [22m[36m621.64 kB[39m[2m | [22m

Application bundle generation complete. [0.997 seconds] - 2026-05-15T23:46:56.425Z

Component update sent to client(s).
[33m❯[39m Changes detected. Rebuilding...
[32m✔[39m Changes detected. Rebuilding...
[1mInitial chunk files[22m[2m | [22m[1mNames[22m           [2m | [22m [1mRaw size[22m
[32mmain.js[39m            [2m | [22m[2mmain[22m            [2m | [22m [36m51.42 kB[39m[2m | [22m

[1mLazy chunk files[22m   [2m | [22m[1mNames[22m           [2m | [22m [1mRaw size[22m
[32mchunk-YKJGOCBI.js[39m  [2m | [22m[2meditor[22m          [2m | [22m[36m625.99 kB[39m[2m | [22m
[32mchunk-7RLUSGUT.js[39m  [2m | [22m[2mdashboard[22m       [2m | [22m [36m59.32 kB[39m[2m | [22m
[32mchunk-CKLEOATD.js[39m  [2m | [22m[2manalytics[22m       [2m | [22m [36m58.32 kB[39m[2m | [22m
[32mchunk-3V4BYGUG.js[39m  [2m | [22m[2mtemplate-details[22m[2m | [22m [36m56.67 kB[39m[2m | [22m
[32mchunk-RM7G6CIN.js[39m  [2m | [22m[2msurvey-response[22m [2m | [22m [36m36.87 kB[39m[2m | [22m
[32mchunk-X6FAIZRI.js[39m  [2m | [22m[2m-[22m               [2m | [22m [36m23.39 kB[39m[2m | [22m

Application bundle generation complete. [0.957 seconds] - 2026-05-15T23:51:16.695Z

Page reload sent to client(s).
[33m❯[39m Changes detected. Rebuilding...
[32m✔[39m Changes detected. Rebuilding...
[1mInitial chunk files[22m[2m | [22m[1mNames[22m [2m | [22m [1mRaw size[22m
[32mmain.js[39m            [2m | [22m[2mmain[22m  [2m | [22m [36m51.42 kB[39m[2m | [22m

[1mLazy chunk files[22m   [2m | [22m[1mNames[22m [2m | [22m [1mRaw size[22m
[32mchunk-THMAPTZ6.js[39m  [2m | [22m[2meditor[22m[2m | [22m[36m626.49 kB[39m[2m | [22m

Application bundle generation complete. [1.055 seconds] - 2026-05-15T23:51:27.035Z

Component update sent to client(s).
[33m❯[39m Changes detected. Rebuilding...
[32m✔[39m Changes detected. Rebuilding...
[1mInitial chunk files[22m[2m | [22m[1mNames[22m [2m | [22m [1mRaw size[22m
[32mmain.js[39m            [2m | [22m[2mmain[22m  [2m | [22m [36m51.42 kB[39m[2m | [22m

[1mLazy chunk files[22m   [2m | [22m[1mNames[22m [2m | [22m [1mRaw size[22m
[32mchunk-YIM6AKPY.js[39m  [2m | [22m[2meditor[22m[2m | [22m[36m629.70 kB[39m[2m | [22m

Application bundle generation complete. [0.923 seconds] - 2026-05-15T23:53:32.726Z

Component update sent to client(s).
[33m❯[39m Changes detected. Rebuilding...
[32m✔[39m Changes detected. Rebuilding...
Application bundle generation failed. [0.789 seconds] - 2026-05-15T23:59:53.082Z

[33m❯[39m Changes detected. Rebuilding...
[32m✔[39m Changes detected. Rebuilding...
Application bundle generation failed. [0.938 seconds] - 2026-05-16T00:00:14.600Z

[33m❯[39m Changes detected. Rebuilding...
[32m✔[39m Changes detected. Rebuilding...
Application bundle generation failed. [0.243 seconds] - 2026-05-16T00:00:20.642Z

[33m❯[39m Changes detected. Rebuilding...
[32m✔[39m Changes detected. Rebuilding...
Application bundle generation failed. [0.149 seconds] - 2026-05-16T00:00:29.482Z

[33m❯[39m Changes detected. Rebuilding...
[32m✔[39m Changes detected. Rebuilding...
[1mInitial chunk files[22m[2m | [22m[1mNames[22m           [2m | [22m [1mRaw size[22m
[32mmain.js[39m            [2m | [22m[2mmain[22m            [2m | [22m [36m51.42 kB[39m[2m | [22m
[32mstyles.css[39m         [2m | [22m[2mstyles[22m          [2m | [22m [36m12.89 kB[39m[2m | [22m
[32mchunk-34IR5LSD.js[39m  [2m | [22m[2m-[22m               [2m | [22m  [36m6.00 kB[39m[2m | [22m
[32mchunk-IMTQAFPY.js[39m  [2m | [22m[2m-[22m               [2m | [22m  [36m5.42 kB[39m[2m | [22m
[32mchunk-6QT6OZRQ.js[39m  [2m | [22m[2m-[22m               [2m | [22m  [36m2.74 kB[39m[2m | [22m

[1m [22m                  [2m | [22m[1mInitial total[22m   [2m | [22m [1m78.48 kB[22m

[1mLazy chunk files[22m   [2m | [22m[1mNames[22m           [2m | [22m [1mRaw size[22m
[32mchunk-LINX4CQD.js[39m  [2m | [22m[2meditor[22m          [2m | [22m[36m630.02 kB[39m[2m | [22m
[32mchunk-OIRQWXZM.js[39m  [2m | [22m[2m-[22m               [2m | [22m[36m166.42 kB[39m[2m | [22m
[32mchunk-UTK67M5K.js[39m  [2m | [22m[2mlanding[22m         [2m | [22m [36m77.44 kB[39m[2m | [22m
[32mchunk-JZCMSRSI.js[39m  [2m | [22m[2mdashboard[22m       [2m | [22m [36m60.86 kB[39m[2m | [22m
[32mchunk-CKLEOATD.js[39m  [2m | [22m[2manalytics[22m       [2m | [22m [36m58.32 kB[39m[2m | [22m
[32mchunk-3V4BYGUG.js[39m  [2m | [22m[2mtemplate-details[22m[2m | [22m [36m56.67 kB[39m[2m | [22m
[32mchunk-CII6BBZT.js[39m  [2m | [22m[2m-[22m               [2m | [22m [36m50.32 kB[39m[2m | [22m
[32mchunk-RM7G6CIN.js[39m  [2m | [22m[2msurvey-response[22m [2m | [22m [36m36.87 kB[39m[2m | [22m
[32mchunk-GF2PD6LZ.js[39m  [2m | [22m[2mtour[22m            [2m | [22m [36m33.72 kB[39m[2m | [22m
[32mchunk-EO63DLPY.js[39m  [2m | [22m[2mtemplates[22m       [2m | [22m [36m27.72 kB[39m[2m | [22m
[32mchunk-X6FAIZRI.js[39m  [2m | [22m[2m-[22m               [2m | [22m [36m23.39 kB[39m[2m | [22m
[32mchunk-T6UT3ZKR.js[39m  [2m | [22m[2mshowcase[22m        [2m | [22m [36m21.91 kB[39m[2m | [22m
[32mchunk-YBWVETW7.js[39m  [2m | [22m[2mapi-docs[22m        [2m | [22m [36m20.67 kB[39m[2m | [22m
[32mchunk-IVXKKQDN.js[39m  [2m | [22m[2m-[22m               [2m | [22m [36m10.35 kB[39m[2m | [22m

Application bundle generation complete. [0.756 seconds] - 2026-05-16T00:01:41.410Z

Page reload sent to client(s).
[33m❯[39m Changes detected. Rebuilding...
[32m✔[39m Changes detected. Rebuilding...
[1mInitial chunk files[22m[2m | [22m[1mNames[22m    [2m | [22m[1mRaw size[22m
[32mmain.js[39m            [2m | [22m[2mmain[22m     [2m | [22m[36m51.42 kB[39m[2m | [22m

[1mLazy chunk files[22m   [2m | [22m[1mNames[22m    [2m | [22m[1mRaw size[22m
[32mchunk-URDJJ2KP.js[39m  [2m | [22m[2mdashboard[22m[2m | [22m[36m62.15 kB[39m[2m | [22m

Application bundle generation complete. [0.819 seconds] - 2026-05-16T00:11:29.575Z

Page reload sent to client(s).
[33m❯[39m Changes detected. Rebuilding...
[32m✔[39m Changes detected. Rebuilding...
[1mInitial chunk files[22m[2m | [22m[1mNames[22m    [2m | [22m[1mRaw size[22m
[32mmain.js[39m            [2m | [22m[2mmain[22m     [2m | [22m[36m51.42 kB[39m[2m | [22m

[1mLazy chunk files[22m   [2m | [22m[1mNames[22m    [2m | [22m[1mRaw size[22m
[32mchunk-CQIQ55JD.js[39m  [2m | [22m[2mdashboard[22m[2m | [22m[36m64.93 kB[39m[2m | [22m

Application bundle generation complete. [0.251 seconds] - 2026-05-16T00:11:39.735Z

Component update sent to client(s).
[33m❯[39m Changes detected. Rebuilding...
[32m✔[39m Changes detected. Rebuilding...
[1mInitial chunk files[22m[2m | [22m[1mNames[22m    [2m | [22m[1mRaw size[22m
[32mmain.js[39m            [2m | [22m[2mmain[22m     [2m | [22m[36m51.42 kB[39m[2m | [22m

[1mLazy chunk files[22m   [2m | [22m[1mNames[22m    [2m | [22m[1mRaw size[22m
[32mchunk-4UQK6KKX.js[39m  [2m | [22m[2mdashboard[22m[2m | [22m[36m70.05 kB[39m[2m | [22m

Application bundle generation complete. [0.273 seconds] - 2026-05-16T00:12:02.011Z

Component update sent to client(s).
[33m❯[39m Changes detected. Rebuilding...
[32m✔[39m Changes detected. Rebuilding...
Application bundle generation failed. [0.821 seconds] - 2026-05-16T00:12:11.703Z

[33m❯[39m Changes detected. Rebuilding...
[32m✔[39m Changes detected. Rebuilding...
[1mInitial chunk files[22m[2m | [22m[1mNames[22m           [2m | [22m [1mRaw size[22m
[32mmain.js[39m            [2m | [22m[2mmain[22m            [2m | [22m [36m51.42 kB[39m[2m | [22m
[32mstyles.css[39m         [2m | [22m[2mstyles[22m          [2m | [22m [36m12.89 kB[39m[2m | [22m
[32mchunk-34IR5LSD.js[39m  [2m | [22m[2m-[22m               [2m | [22m  [36m6.00 kB[39m[2m | [22m
[32mchunk-IMTQAFPY.js[39m  [2m | [22m[2m-[22m               [2m | [22m  [36m5.42 kB[39m[2m | [22m
[32mchunk-6QT6OZRQ.js[39m  [2m | [22m[2m-[22m               [2m | [22m  [36m2.74 kB[39m[2m | [22m

[1m [22m                  [2m | [22m[1mInitial total[22m   [2m | [22m [1m78.48 kB[22m

[1mLazy chunk files[22m   [2m | [22m[1mNames[22m           [2m | [22m [1mRaw size[22m
[32mchunk-ZVXZYTAJ.js[39m  [2m | [22m[2meditor[22m          [2m | [22m[36m633.62 kB[39m[2m | [22m
[32mchunk-OIRQWXZM.js[39m  [2m | [22m[2m-[22m               [2m | [22m[36m166.42 kB[39m[2m | [22m
[32mchunk-UTK67M5K.js[39m  [2m | [22m[2mlanding[22m         [2m | [22m [36m77.44 kB[39m[2m | [22m
[32mchunk-4UQK6KKX.js[39m  [2m | [22m[2mdashboard[22m       [2m | [22m [36m70.05 kB[39m[2m | [22m
[32mchunk-CKLEOATD.js[39m  [2m | [22m[2manalytics[22m       [2m | [22m [36m58.32 kB[39m[2m | [22m
[32mchunk-3V4BYGUG.js[39m  [2m | [22m[2mtemplate-details[22m[2m | [22m [36m56.67 kB[39m[2m | [22m
[32mchunk-CII6BBZT.js[39m  [2m | [22m[2m-[22m               [2m | [22m [36m50.32 kB[39m[2m | [22m
[32mchunk-RM7G6CIN.js[39m  [2m | [22m[2msurvey-response[22m [2m | [22m [36m36.87 kB[39m[2m | [22m
[32mchunk-GF2PD6LZ.js[39m  [2m | [22m[2mtour[22m            [2m | [22m [36m33.72 kB[39m[2m | [22m
[32mchunk-EO63DLPY.js[39m  [2m | [22m[2mtemplates[22m       [2m | [22m [36m27.72 kB[39m[2m | [22m
[32mchunk-X6FAIZRI.js[39m  [2m | [22m[2m-[22m               [2m | [22m [36m23.39 kB[39m[2m | [22m
[32mchunk-T6UT3ZKR.js[39m  [2m | [22m[2mshowcase[22m        [2m | [22m [36m21.91 kB[39m[2m | [22m
[32mchunk-YBWVETW7.js[39m  [2m | [22m[2mapi-docs[22m        [2m | [22m [36m20.67 kB[39m[2m | [22m
[32mchunk-IVXKKQDN.js[39m  [2m | [22m[2m-[22m               [2m | [22m [36m10.35 kB[39m[2m | [22m

Application bundle generation complete. [0.963 seconds] - 2026-05-16T00:12:15.494Z

Page reload sent to client(s).
[33m❯[39m Changes detected. Rebuilding...
[32m✔[39m Changes detected. Rebuilding...
[1mInitial chunk files[22m[2m | [22m[1mNames[22m [2m | [22m [1mRaw size[22m
[32mmain.js[39m            [2m | [22m[2mmain[22m  [2m | [22m [36m51.42 kB[39m[2m | [22m

[1mLazy chunk files[22m   [2m | [22m[1mNames[22m [2m | [22m [1mRaw size[22m
[32mchunk-UCDTQZG5.js[39m  [2m | [22m[2meditor[22m[2m | [22m[36m637.21 kB[39m[2m | [22m

Application bundle generation complete. [1.022 seconds] - 2026-05-16T00:12:32.878Z

Component update sent to client(s).
[33m❯[39m Changes detected. Rebuilding...
[32m✔[39m Changes detected. Rebuilding...
[1mInitial chunk files[22m[2m | [22m[1mNames[22m [2m | [22m [1mRaw size[22m
[32mmain.js[39m            [2m | [22m[2mmain[22m  [2m | [22m [36m51.42 kB[39m[2m | [22m

[1mLazy chunk files[22m   [2m | [22m[1mNames[22m [2m | [22m [1mRaw size[22m
[32mchunk-TSDEICVB.js[39m  [2m | [22m[2meditor[22m[2m | [22m[36m640.49 kB[39m[2m | [22m

Application bundle generation complete. [0.887 seconds] - 2026-05-16T00:13:02.505Z

Component update sent to client(s).
[33m❯[39m Changes detected. Rebuilding...
[32m✔[39m Changes detected. Rebuilding...
[1mInitial chunk files[22m[2m | [22m[1mNames[22m           [2m | [22m [1mRaw size[22m
[32mmain.js[39m            [2m | [22m[2mmain[22m            [2m | [22m [36m51.42 kB[39m[2m | [22m

[1mLazy chunk files[22m   [2m | [22m[1mNames[22m           [2m | [22m [1mRaw size[22m
[32mchunk-2IGLYLPZ.js[39m  [2m | [22m[2meditor[22m          [2m | [22m[36m640.49 kB[39m[2m | [22m
[32mchunk-GI7UFUSE.js[39m  [2m | [22m[2mdashboard[22m       [2m | [22m [36m70.05 kB[39m[2m | [22m
[32mchunk-277URT2H.js[39m  [2m | [22m[2manalytics[22m       [2m | [22m [36m58.32 kB[39m[2m | [22m
[32mchunk-3ENYRNXT.js[39m  [2m | [22m[2mtemplate-details[22m[2m | [22m [36m56.67 kB[39m[2m | [22m
[32mchunk-H7XFJMPH.js[39m  [2m | [22m[2msurvey-response[22m [2m | [22m [36m36.87 kB[39m[2m | [22m
[32mchunk-BEBQREEZ.js[39m  [2m | [22m[2m-[22m               [2m | [22m [36m23.39 kB[39m[2m | [22m

Application bundle generation complete. [0.408 seconds] - 2026-05-16T02:54:57.343Z

Page reload sent to client(s).
[33m❯[39m Changes detected. Rebuilding...
[32m✔[39m Changes detected. Rebuilding...
[1mInitial chunk files[22m[2m | [22m[1mNames[22m [2m | [22m [1mRaw size[22m
[32mmain.js[39m            [2m | [22m[2mmain[22m  [2m | [22m [36m51.42 kB[39m[2m | [22m

[1mLazy chunk files[22m   [2m | [22m[1mNames[22m [2m | [22m [1mRaw size[22m
[32mchunk-GRGHH2AP.js[39m  [2m | [22m[2meditor[22m[2m | [22m[36m640.57 kB[39m[2m | [22m

Application bundle generation complete. [0.613 seconds] - 2026-05-16T02:55:01.191Z

Page reload sent to client(s).
[33m❯[39m Changes detected. Rebuilding...
[32m✔[39m Changes detected. Rebuilding...
[1mInitial chunk files[22m[2m | [22m[1mNames[22m [2m | [22m [1mRaw size[22m
[32mmain.js[39m            [2m | [22m[2mmain[22m  [2m | [22m [36m51.42 kB[39m[2m | [22m

[1mLazy chunk files[22m   [2m | [22m[1mNames[22m [2m | [22m [1mRaw size[22m
[32mchunk-EBB4UH4J.js[39m  [2m | [22m[2meditor[22m[2m | [22m[36m641.16 kB[39m[2m | [22m

Application bundle generation complete. [0.667 seconds] - 2026-05-16T02:55:08.551Z

Page reload sent to client(s).
[33m❯[39m Changes detected. Rebuilding...
[32m✔[39m Changes detected. Rebuilding...
[1mInitial chunk files[22m[2m | [22m[1mNames[22m [2m | [22m [1mRaw size[22m
[32mmain.js[39m            [2m | [22m[2mmain[22m  [2m | [22m [36m51.42 kB[39m[2m | [22m

[1mLazy chunk files[22m   [2m | [22m[1mNames[22m [2m | [22m [1mRaw size[22m
[32mchunk-7LJPSBQY.js[39m  [2m | [22m[2meditor[22m[2m | [22m[36m641.53 kB[39m[2m | [22m

Application bundle generation complete. [0.705 seconds] - 2026-05-16T02:55:24.931Z

Page reload sent to client(s).
[33m❯[39m Changes detected. Rebuilding...
[32m✔[39m Changes detected. Rebuilding...
[1mInitial chunk files[22m[2m | [22m[1mNames[22m [2m | [22m [1mRaw size[22m
[32mmain.js[39m            [2m | [22m[2mmain[22m  [2m | [22m [36m51.42 kB[39m[2m | [22m

[1mLazy chunk files[22m   [2m | [22m[1mNames[22m [2m | [22m [1mRaw size[22m
[32mchunk-OYQ4XE3N.js[39m  [2m | [22m[2meditor[22m[2m | [22m[36m641.56 kB[39m[2m | [22m

Application bundle generation complete. [0.698 seconds] - 2026-05-16T02:55:27.302Z

Page reload sent to client(s).
[33m❯[39m Changes detected. Rebuilding...
[32m✔[39m Changes detected. Rebuilding...
[1mInitial chunk files[22m[2m | [22m[1mNames[22m [2m | [22m [1mRaw size[22m
[32mmain.js[39m            [2m | [22m[2mmain[22m  [2m | [22m [36m51.42 kB[39m[2m | [22m

[1mLazy chunk files[22m   [2m | [22m[1mNames[22m [2m | [22m [1mRaw size[22m
[32mchunk-C3QP6LHS.js[39m  [2m | [22m[2meditor[22m[2m | [22m[36m641.86 kB[39m[2m | [22m

Application bundle generation complete. [0.729 seconds] - 2026-05-16T02:55:59.946Z

Page reload sent to client(s).
[33m❯[39m Changes detected. Rebuilding...
[32m✔[39m Changes detected. Rebuilding...
[1mInitial chunk files[22m[2m | [22m[1mNames[22m [2m | [22m [1mRaw size[22m
[32mmain.js[39m            [2m | [22m[2mmain[22m  [2m | [22m [36m51.42 kB[39m[2m | [22m

[1mLazy chunk files[22m   [2m | [22m[1mNames[22m [2m | [22m [1mRaw size[22m
[32mchunk-CHDEAUQL.js[39m  [2m | [22m[2meditor[22m[2m | [22m[36m642.15 kB[39m[2m | [22m

Application bundle generation complete. [0.478 seconds] - 2026-05-16T02:56:05.338Z

Page reload sent to client(s).
[33m❯[39m Changes detected. Rebuilding...
[32m✔[39m Changes detected. Rebuilding...
[1mInitial chunk files[22m[2m | [22m[1mNames[22m [2m | [22m [1mRaw size[22m
[32mmain.js[39m            [2m | [22m[2mmain[22m  [2m | [22m [36m51.42 kB[39m[2m | [22m

[1mLazy chunk files[22m   [2m | [22m[1mNames[22m [2m | [22m [1mRaw size[22m
[32mchunk-ZWGROH36.js[39m  [2m | [22m[2meditor[22m[2m | [22m[36m650.79 kB[39m[2m | [22m

Application bundle generation complete. [0.822 seconds] - 2026-05-16T02:56:29.383Z

Component update sent to client(s).
[33m❯[39m Changes detected. Rebuilding...
[32m✔[39m Changes detected. Rebuilding...
Application bundle generation failed. [0.922 seconds] - 2026-05-16T02:56:34.550Z

[33m❯[39m Changes detected. Rebuilding...
[32m✔[39m Changes detected. Rebuilding...
[1mInitial chunk files[22m[2m | [22m[1mNames[22m           [2m | [22m [1mRaw size[22m
[32mmain.js[39m            [2m | [22m[2mmain[22m            [2m | [22m [36m51.42 kB[39m[2m | [22m
[32mstyles.css[39m         [2m | [22m[2mstyles[22m          [2m | [22m [36m12.89 kB[39m[2m | [22m
[32mchunk-34IR5LSD.js[39m  [2m | [22m[2m-[22m               [2m | [22m  [36m6.00 kB[39m[2m | [22m
[32mchunk-IMTQAFPY.js[39m  [2m | [22m[2m-[22m               [2m | [22m  [36m5.42 kB[39m[2m | [22m
[32mchunk-6QT6OZRQ.js[39m  [2m | [22m[2m-[22m               [2m | [22m  [36m2.74 kB[39m[2m | [22m

[1m [22m                  [2m | [22m[1mInitial total[22m   [2m | [22m [1m78.48 kB[22m

[1mLazy chunk files[22m   [2m | [22m[1mNames[22m           [2m | [22m [1mRaw size[22m
[32mchunk-7F5RJ5NL.js[39m  [2m | [22m[2meditor[22m          [2m | [22m[36m651.83 kB[39m[2m | [22m
[32mchunk-OIRQWXZM.js[39m  [2m | [22m[2m-[22m               [2m | [22m[36m166.42 kB[39m[2m | [22m
[32mchunk-UTK67M5K.js[39m  [2m | [22m[2mlanding[22m         [2m | [22m [36m77.44 kB[39m[2m | [22m
[32mchunk-GI7UFUSE.js[39m  [2m | [22m[2mdashboard[22m       [2m | [22m [36m70.05 kB[39m[2m | [22m
[32mchunk-277URT2H.js[39m  [2m | [22m[2manalytics[22m       [2m | [22m [36m58.32 kB[39m[2m | [22m
[32mchunk-3ENYRNXT.js[39m  [2m | [22m[2mtemplate-details[22m[2m | [22m [36m56.67 kB[39m[2m | [22m
[32mchunk-CII6BBZT.js[39m  [2m | [22m[2m-[22m               [2m | [22m [36m50.32 kB[39m[2m | [22m
[32mchunk-H7XFJMPH.js[39m  [2m | [22m[2msurvey-response[22m [2m | [22m [36m36.87 kB[39m[2m | [22m
[32mchunk-GF2PD6LZ.js[39m  [2m | [22m[2mtour[22m            [2m | [22m [36m33.72 kB[39m[2m | [22m
[32mchunk-EO63DLPY.js[39m  [2m | [22m[2mtemplates[22m       [2m | [22m [36m27.72 kB[39m[2m | [22m
[32mchunk-BEBQREEZ.js[39m  [2m | [22m[2m-[22m               [2m | [22m [36m23.39 kB[39m[2m | [22m
[32mchunk-T6UT3ZKR.js[39m  [2m | [22m[2mshowcase[22m        [2m | [22m [36m21.91 kB[39m[2m | [22m
[32mchunk-YBWVETW7.js[39m  [2m | [22m[2mapi-docs[22m        [2m | [22m [36m20.67 kB[39m[2m | [22m
[32mchunk-IVXKKQDN.js[39m  [2m | [22m[2m-[22m               [2m | [22m [36m10.35 kB[39m[2m | [22m

Application bundle generation complete. [0.822 seconds] - 2026-05-16T02:56:39.465Z

Page reload sent to client(s).
[33m❯[39m Changes detected. Rebuilding...
[32m✔[39m Changes detected. Rebuilding...
[1mInitial chunk files[22m[2m | [22m[1mNames[22m [2m | [22m [1mRaw size[22m
[32mmain.js[39m            [2m | [22m[2mmain[22m  [2m | [22m [36m51.42 kB[39m[2m | [22m

[1mLazy chunk files[22m   [2m | [22m[1mNames[22m [2m | [22m [1mRaw size[22m
[32mchunk-EGCKA7UX.js[39m  [2m | [22m[2meditor[22m[2m | [22m[36m660.83 kB[39m[2m | [22m

Application bundle generation complete. [1.049 seconds] - 2026-05-16T02:57:10.282Z

Component update sent to client(s).
[33m❯[39m Changes detected. Rebuilding...
[32m✔[39m Changes detected. Rebuilding...
[1mInitial chunk files[22m[2m | [22m[1mNames[22m [2m | [22m [1mRaw size[22m
[32mmain.js[39m            [2m | [22m[2mmain[22m  [2m | [22m [36m51.42 kB[39m[2m | [22m

[1mLazy chunk files[22m   [2m | [22m[1mNames[22m [2m | [22m [1mRaw size[22m
[32mchunk-FU6NSAGG.js[39m  [2m | [22m[2meditor[22m[2m | [22m[36m661.45 kB[39m[2m | [22m

Application bundle generation complete. [0.465 seconds] - 2026-05-16T03:02:52.843Z

Page reload sent to client(s).
[33m❯[39m Changes detected. Rebuilding...
[32m✔[39m Changes detected. Rebuilding...
[1mInitial chunk files[22m[2m | [22m[1mNames[22m          [2m | [22m [1mRaw size[22m
[32mmain.js[39m            [2m | [22m[2mmain[22m           [2m | [22m [36m51.42 kB[39m[2m | [22m

[1mLazy chunk files[22m   [2m | [22m[1mNames[22m          [2m | [22m [1mRaw size[22m
[32mchunk-UM4A63EJ.js[39m  [2m | [22m[2meditor[22m         [2m | [22m[36m661.45 kB[39m[2m | [22m
[32mchunk-YDMRS3J4.js[39m  [2m | [22m[2m-[22m              [2m | [22m[36m167.54 kB[39m[2m | [22m
[32mchunk-V57UVELR.js[39m  [2m | [22m[2msurvey-response[22m[2m | [22m [36m36.87 kB[39m[2m | [22m

Application bundle generation complete. [0.461 seconds] - 2026-05-16T03:03:18.260Z

Component update sent to client(s).
[33m❯[39m Changes detected. Rebuilding...
[32m✔[39m Changes detected. Rebuilding...
[1mInitial chunk files[22m[2m | [22m[1mNames[22m          [2m | [22m [1mRaw size[22m
[32mmain.js[39m            [2m | [22m[2mmain[22m           [2m | [22m [36m51.42 kB[39m[2m | [22m

[1mLazy chunk files[22m   [2m | [22m[1mNames[22m          [2m | [22m [1mRaw size[22m
[32mchunk-WZ3UVRIM.js[39m  [2m | [22m[2meditor[22m         [2m | [22m[36m661.45 kB[39m[2m | [22m
[32mchunk-2AFMWWTK.js[39m  [2m | [22m[2m-[22m              [2m | [22m[36m168.74 kB[39m[2m | [22m
[32mchunk-D63LTZFQ.js[39m  [2m | [22m[2msurvey-response[22m[2m | [22m [36m36.87 kB[39m[2m | [22m

Application bundle generation complete. [0.412 seconds] - 2026-05-16T03:03:25.809Z

Component update sent to client(s).
[33m❯[39m Changes detected. Rebuilding...
[32m✔[39m Changes detected. Rebuilding...
[1mInitial chunk files[22m[2m | [22m[1mNames[22m [2m | [22m [1mRaw size[22m
[32mmain.js[39m            [2m | [22m[2mmain[22m  [2m | [22m [36m51.42 kB[39m[2m | [22m

[1mLazy chunk files[22m   [2m | [22m[1mNames[22m [2m | [22m [1mRaw size[22m
[32mchunk-ZEFUWS4Q.js[39m  [2m | [22m[2meditor[22m[2m | [22m[36m660.97 kB[39m[2m | [22m

Application bundle generation complete. [0.838 seconds] - 2026-05-16T03:04:07.446Z

Component update sent to client(s).
[33m❯[39m Changes detected. Rebuilding...
[32m✔[39m Changes detected. Rebuilding...
[1mInitial chunk files[22m[2m | [22m[1mNames[22m [2m | [22m [1mRaw size[22m
[32mmain.js[39m            [2m | [22m[2mmain[22m  [2m | [22m [36m51.42 kB[39m[2m | [22m

[1mLazy chunk files[22m   [2m | [22m[1mNames[22m [2m | [22m [1mRaw size[22m
[32mchunk-ZUVUKP7L.js[39m  [2m | [22m[2meditor[22m[2m | [22m[36m664.63 kB[39m[2m | [22m

Application bundle generation complete. [0.979 seconds] - 2026-05-16T03:04:36.021Z

Component update sent to client(s).
[33m❯[39m Changes detected. Rebuilding...
[32m✔[39m Changes detected. Rebuilding...
[1mInitial chunk files[22m[2m | [22m[1mNames[22m [2m | [22m [1mRaw size[22m
[32mmain.js[39m            [2m | [22m[2mmain[22m  [2m | [22m [36m51.42 kB[39m[2m | [22m

[1mLazy chunk files[22m   [2m | [22m[1mNames[22m [2m | [22m [1mRaw size[22m
[32mchunk-TRBFIJK2.js[39m  [2m | [22m[2meditor[22m[2m | [22m[36m665.47 kB[39m[2m | [22m

Application bundle generation complete. [1.071 seconds] - 2026-05-16T03:05:22.526Z

Component update sent to client(s).
[33m❯[39m Changes detected. Rebuilding...
[32m✔[39m Changes detected. Rebuilding...
[1mInitial chunk files[22m[2m | [22m[1mNames[22m [2m | [22m [1mRaw size[22m
[32mmain.js[39m            [2m | [22m[2mmain[22m  [2m | [22m [36m51.42 kB[39m[2m | [22m

[1mLazy chunk files[22m   [2m | [22m[1mNames[22m [2m | [22m [1mRaw size[22m
[32mchunk-BWWGUVYU.js[39m  [2m | [22m[2meditor[22m[2m | [22m[36m679.26 kB[39m[2m | [22m

Application bundle generation complete. [1.030 seconds] - 2026-05-16T03:06:09.524Z

Component update sent to client(s).
[33m❯[39m Changes detected. Rebuilding...
[32m✔[39m Changes detected. Rebuilding...
Application bundle generation failed. [0.867 seconds] - 2026-05-16T03:06:17.589Z

[33m❯[39m Changes detected. Rebuilding...
[32m✔[39m Changes detected. Rebuilding...
[1mInitial chunk files[22m[2m | [22m[1mNames[22m           [2m | [22m [1mRaw size[22m
[32mmain.js[39m            [2m | [22m[2mmain[22m            [2m | [22m [36m51.42 kB[39m[2m | [22m
[32mstyles.css[39m         [2m | [22m[2mstyles[22m          [2m | [22m [36m12.89 kB[39m[2m | [22m
[32mchunk-34IR5LSD.js[39m  [2m | [22m[2m-[22m               [2m | [22m  [36m6.00 kB[39m[2m | [22m
[32mchunk-IMTQAFPY.js[39m  [2m | [22m[2m-[22m               [2m | [22m  [36m5.42 kB[39m[2m | [22m
[32mchunk-6QT6OZRQ.js[39m  [2m | [22m[2m-[22m               [2m | [22m  [36m2.74 kB[39m[2m | [22m

[1m [22m                  [2m | [22m[1mInitial total[22m   [2m | [22m [1m78.48 kB[22m

[1mLazy chunk files[22m   [2m | [22m[1mNames[22m           [2m | [22m [1mRaw size[22m
[32mchunk-2SG6O7TY.js[39m  [2m | [22m[2meditor[22m          [2m | [22m[36m679.65 kB[39m[2m | [22m
[32mchunk-2AFMWWTK.js[39m  [2m | [22m[2m-[22m               [2m | [22m[36m168.74 kB[39m[2m | [22m
[32mchunk-UTK67M5K.js[39m  [2m | [22m[2mlanding[22m         [2m | [22m [36m77.44 kB[39m[2m | [22m
[32mchunk-GI7UFUSE.js[39m  [2m | [22m[2mdashboard[22m       [2m | [22m [36m70.05 kB[39m[2m | [22m
[32mchunk-277URT2H.js[39m  [2m | [22m[2manalytics[22m       [2m | [22m [36m58.32 kB[39m[2m | [22m
[32mchunk-3ENYRNXT.js[39m  [2m | [22m[2mtemplate-details[22m[2m | [22m [36m56.67 kB[39m[2m | [22m
[32mchunk-CII6BBZT.js[39m  [2m | [22m[2m-[22m               [2m | [22m [36m50.32 kB[39m[2m | [22m
[32mchunk-D63LTZFQ.js[39m  [2m | [22m[2msurvey-response[22m [2m | [22m [36m36.87 kB[39m[2m | [22m
[32mchunk-GF2PD6LZ.js[39m  [2m | [22m[2mtour[22m            [2m | [22m [36m33.72 kB[39m[2m | [22m
[32mchunk-EO63DLPY.js[39m  [2m | [22m[2mtemplates[22m       [2m | [22m [36m27.72 kB[39m[2m | [22m
[32mchunk-BEBQREEZ.js[39m  [2m | [22m[2m-[22m               [2m | [22m [36m23.39 kB[39m[2m | [22m
[32mchunk-T6UT3ZKR.js[39m  [2m | [22m[2mshowcase[22m        [2m | [22m [36m21.91 kB[39m[2m | [22m
[32mchunk-YBWVETW7.js[39m  [2m | [22m[2mapi-docs[22m        [2m | [22m [36m20.67 kB[39m[2m | [22m
[32mchunk-IVXKKQDN.js[39m  [2m | [22m[2m-[22m               [2m | [22m [36m10.35 kB[39m[2m | [22m

Application bundle generation complete. [0.844 seconds] - 2026-05-16T03:06:23.474Z

Page reload sent to client(s).
[33m❯[39m Changes detected. Rebuilding...
[32m✔[39m Changes detected. Rebuilding...
[1mInitial chunk files[22m[2m | [22m[1mNames[22m [2m | [22m [1mRaw size[22m
[32mmain.js[39m            [2m | [22m[2mmain[22m  [2m | [22m [36m51.42 kB[39m[2m | [22m

[1mLazy chunk files[22m   [2m | [22m[1mNames[22m [2m | [22m [1mRaw size[22m
[32mchunk-IOUCUGDC.js[39m  [2m | [22m[2meditor[22m[2m | [22m[36m679.63 kB[39m[2m | [22m

Application bundle generation complete. [0.912 seconds] - 2026-05-16T03:06:28.766Z

Component update sent to client(s).
[33m❯[39m Changes detected. Rebuilding...
[32m✔[39m Changes detected. Rebuilding...
[1mInitial chunk files[22m[2m | [22m[1mNames[22m           [2m | [22m [1mRaw size[22m
[32mmain.js[39m            [2m | [22m[2mmain[22m            [2m | [22m [36m51.42 kB[39m[2m | [22m

[1mLazy chunk files[22m   [2m | [22m[1mNames[22m           [2m | [22m [1mRaw size[22m
[32mchunk-24ANVXCH.js[39m  [2m | [22m[2meditor[22m          [2m | [22m[36m679.63 kB[39m[2m | [22m
[32mchunk-BXJEAMB6.js[39m  [2m | [22m[2mdashboard[22m       [2m | [22m [36m70.05 kB[39m[2m | [22m
[32mchunk-YNXNJKRC.js[39m  [2m | [22m[2manalytics[22m       [2m | [22m [36m58.32 kB[39m[2m | [22m
[32mchunk-NYJBDEJZ.js[39m  [2m | [22m[2mtemplate-details[22m[2m | [22m [36m56.67 kB[39m[2m | [22m
[32mchunk-CPBTZYPJ.js[39m  [2m | [22m[2msurvey-response[22m [2m | [22m [36m36.87 kB[39m[2m | [22m
[32mchunk-IM2RKWPV.js[39m  [2m | [22m[2m-[22m               [2m | [22m [36m23.39 kB[39m[2m | [22m

Application bundle generation complete. [0.424 seconds] - 2026-05-16T03:16:13.862Z

Page reload sent to client(s).
[33m❯[39m Changes detected. Rebuilding...
[32m✔[39m Changes detected. Rebuilding...
[1mInitial chunk files[22m[2m | [22m[1mNames[22m [2m | [22m [1mRaw size[22m
[32mmain.js[39m            [2m | [22m[2mmain[22m  [2m | [22m [36m51.42 kB[39m[2m | [22m

[1mLazy chunk files[22m   [2m | [22m[1mNames[22m [2m | [22m [1mRaw size[22m
[32mchunk-7JZ3YW7D.js[39m  [2m | [22m[2meditor[22m[2m | [22m[36m680.63 kB[39m[2m | [22m

Application bundle generation complete. [0.586 seconds] - 2026-05-16T03:16:23.494Z

Page reload sent to client(s).
[33m❯[39m Changes detected. Rebuilding...
[32m✔[39m Changes detected. Rebuilding...
Application bundle generation failed. [0.752 seconds] - 2026-05-16T03:16:37.021Z

[33m❯[39m Changes detected. Rebuilding...
[32m✔[39m Changes detected. Rebuilding...
[1mInitial chunk files[22m[2m | [22m[1mNames[22m           [2m | [22m [1mRaw size[22m
[32mmain.js[39m            [2m | [22m[2mmain[22m            [2m | [22m [36m51.42 kB[39m[2m | [22m
[32mstyles.css[39m         [2m | [22m[2mstyles[22m          [2m | [22m [36m12.89 kB[39m[2m | [22m
[32mchunk-34IR5LSD.js[39m  [2m | [22m[2m-[22m               [2m | [22m  [36m6.00 kB[39m[2m | [22m
[32mchunk-IMTQAFPY.js[39m  [2m | [22m[2m-[22m               [2m | [22m  [36m5.42 kB[39m[2m | [22m
[32mchunk-6QT6OZRQ.js[39m  [2m | [22m[2m-[22m               [2m | [22m  [36m2.74 kB[39m[2m | [22m

[1m [22m                  [2m | [22m[1mInitial total[22m   [2m | [22m [1m78.48 kB[22m

[1mLazy chunk files[22m   [2m | [22m[1mNames[22m           [2m | [22m [1mRaw size[22m
[32mchunk-PT6F4NWM.js[39m  [2m | [22m[2meditor[22m          [2m | [22m[36m680.63 kB[39m[2m | [22m
[32mchunk-2AFMWWTK.js[39m  [2m | [22m[2m-[22m               [2m | [22m[36m168.74 kB[39m[2m | [22m
[32mchunk-UTK67M5K.js[39m  [2m | [22m[2mlanding[22m         [2m | [22m [36m77.44 kB[39m[2m | [22m
[32mchunk-BXJEAMB6.js[39m  [2m | [22m[2mdashboard[22m       [2m | [22m [36m70.05 kB[39m[2m | [22m
[32mchunk-YNXNJKRC.js[39m  [2m | [22m[2manalytics[22m       [2m | [22m [36m58.32 kB[39m[2m | [22m
[32mchunk-NYJBDEJZ.js[39m  [2m | [22m[2mtemplate-details[22m[2m | [22m [36m56.67 kB[39m[2m | [22m
[32mchunk-CII6BBZT.js[39m  [2m | [22m[2m-[22m               [2m | [22m [36m50.32 kB[39m[2m | [22m
[32mchunk-CPBTZYPJ.js[39m  [2m | [22m[2msurvey-response[22m [2m | [22m [36m36.87 kB[39m[2m | [22m
[32mchunk-GF2PD6LZ.js[39m  [2m | [22m[2mtour[22m            [2m | [22m [36m33.72 kB[39m[2m | [22m
[32mchunk-EO63DLPY.js[39m  [2m | [22m[2mtemplates[22m       [2m | [22m [36m27.72 kB[39m[2m | [22m
[32mchunk-IM2RKWPV.js[39m  [2m | [22m[2m-[22m               [2m | [22m [36m23.39 kB[39m[2m | [22m
[32mchunk-T6UT3ZKR.js[39m  [2m | [22m[2mshowcase[22m        [2m | [22m [36m21.91 kB[39m[2m | [22m
[32mchunk-YBWVETW7.js[39m  [2m | [22m[2mapi-docs[22m        [2m | [22m [36m20.67 kB[39m[2m | [22m
[32mchunk-IVXKKQDN.js[39m  [2m | [22m[2m-[22m               [2m | [22m [36m10.35 kB[39m[2m | [22m

Application bundle generation complete. [0.884 seconds] - 2026-05-16T03:17:05.706Z

Page reload sent to client(s).
[33m❯[39m Changes detected. Rebuilding...
[32m✔[39m Changes detected. Rebuilding...
[1mInitial chunk files[22m[2m | [22m[1mNames[22m [2m | [22m [1mRaw size[22m
[32mmain.js[39m            [2m | [22m[2mmain[22m  [2m | [22m [36m51.42 kB[39m[2m | [22m

[1mLazy chunk files[22m   [2m | [22m[1mNames[22m [2m | [22m [1mRaw size[22m
[32mchunk-H2W6LFND.js[39m  [2m | [22m[2meditor[22m[2m | [22m[36m681.74 kB[39m[2m | [22m

Application bundle generation complete. [0.882 seconds] - 2026-05-16T03:17:16.334Z

Page reload sent to client(s).
[33m❯[39m Changes detected. Rebuilding...
[32m✔[39m Changes detected. Rebuilding...
Application bundle generation failed. [0.736 seconds] - 2026-05-16T03:17:24.256Z

[33m❯[39m Changes detected. Rebuilding...
[32m✔[39m Changes detected. Rebuilding...
Application bundle generation failed. [0.725 seconds] - 2026-05-16T03:17:36.487Z

[33m❯[39m Changes detected. Rebuilding...
[32m✔[39m Changes detected. Rebuilding...
[1mInitial chunk files[22m[2m | [22m[1mNames[22m           [2m | [22m [1mRaw size[22m
[32mmain.js[39m            [2m | [22m[2mmain[22m            [2m | [22m [36m51.42 kB[39m[2m | [22m
[32mstyles.css[39m         [2m | [22m[2mstyles[22m          [2m | [22m [36m12.89 kB[39m[2m | [22m
[32mchunk-34IR5LSD.js[39m  [2m | [22m[2m-[22m               [2m | [22m  [36m6.00 kB[39m[2m | [22m
[32mchunk-IMTQAFPY.js[39m  [2m | [22m[2m-[22m               [2m | [22m  [36m5.42 kB[39m[2m | [22m
[32mchunk-6QT6OZRQ.js[39m  [2m | [22m[2m-[22m               [2m | [22m  [36m2.74 kB[39m[2m | [22m

[1m [22m                  [2m | [22m[1mInitial total[22m   [2m | [22m [1m78.48 kB[22m

[1mLazy chunk files[22m   [2m | [22m[1mNames[22m           [2m | [22m [1mRaw size[22m
[32mchunk-HFS3XICT.js[39m  [2m | [22m[2meditor[22m          [2m | [22m[36m683.45 kB[39m[2m | [22m
[32mchunk-2AFMWWTK.js[39m  [2m | [22m[2m-[22m               [2m | [22m[36m168.74 kB[39m[2m | [22m
[32mchunk-UTK67M5K.js[39m  [2m | [22m[2mlanding[22m         [2m | [22m [36m77.44 kB[39m[2m | [22m
[32mchunk-BXJEAMB6.js[39m  [2m | [22m[2mdashboard[22m       [2m | [22m [36m70.05 kB[39m[2m | [22m
[32mchunk-YNXNJKRC.js[39m  [2m | [22m[2manalytics[22m       [2m | [22m [36m58.32 kB[39m[2m | [22m
[32mchunk-NYJBDEJZ.js[39m  [2m | [22m[2mtemplate-details[22m[2m | [22m [36m56.67 kB[39m[2m | [22m
[32mchunk-CII6BBZT.js[39m  [2m | [22m[2m-[22m               [2m | [22m [36m50.32 kB[39m[2m | [22m
[32mchunk-CPBTZYPJ.js[39m  [2m | [22m[2msurvey-response[22m [2m | [22m [36m36.87 kB[39m[2m | [22m
[32mchunk-GF2PD6LZ.js[39m  [2m | [22m[2mtour[22m            [2m | [22m [36m33.72 kB[39m[2m | [22m
[32mchunk-EO63DLPY.js[39m  [2m | [22m[2mtemplates[22m       [2m | [22m [36m27.72 kB[39m[2m | [22m
[32mchunk-IM2RKWPV.js[39m  [2m | [22m[2m-[22m               [2m | [22m [36m23.39 kB[39m[2m | [22m
[32mchunk-T6UT3ZKR.js[39m  [2m | [22m[2mshowcase[22m        [2m | [22m [36m21.91 kB[39m[2m | [22m
[32mchunk-YBWVETW7.js[39m  [2m | [22m[2mapi-docs[22m        [2m | [22m [36m20.67 kB[39m[2m | [22m
[32mchunk-IVXKKQDN.js[39m  [2m | [22m[2m-[22m               [2m | [22m [36m10.35 kB[39m[2m | [22m

Application bundle generation complete. [0.763 seconds] - 2026-05-16T03:17:45.735Z

Page reload sent to client(s).
[33m❯[39m Changes detected. Rebuilding...
[32m✔[39m Changes detected. Rebuilding...
[1mInitial chunk files[22m[2m | [22m[1mNames[22m [2m | [22m [1mRaw size[22m
[32mmain.js[39m            [2m | [22m[2mmain[22m  [2m | [22m [36m51.42 kB[39m[2m | [22m

[1mLazy chunk files[22m   [2m | [22m[1mNames[22m [2m | [22m [1mRaw size[22m
[32mchunk-AEXSW5XE.js[39m  [2m | [22m[2meditor[22m[2m | [22m[36m683.60 kB[39m[2m | [22m

Application bundle generation complete. [0.687 seconds] - 2026-05-16T03:17:50.883Z

Page reload sent to client(s).
[33m❯[39m Changes detected. Rebuilding...
[32m✔[39m Changes detected. Rebuilding...
[1mInitial chunk files[22m[2m | [22m[1mNames[22m [2m | [22m [1mRaw size[22m
[32mmain.js[39m            [2m | [22m[2mmain[22m  [2m | [22m [36m51.42 kB[39m[2m | [22m

[1mLazy chunk files[22m   [2m | [22m[1mNames[22m [2m | [22m [1mRaw size[22m
[32mchunk-JZ4PXXIV.js[39m  [2m | [22m[2meditor[22m[2m | [22m[36m683.85 kB[39m[2m | [22m

Application bundle generation complete. [0.770 seconds] - 2026-05-16T03:17:54.862Z

Page reload sent to client(s).
[33m❯[39m Changes detected. Rebuilding...
[32m✔[39m Changes detected. Rebuilding...
[1mInitial chunk files[22m[2m | [22m[1mNames[22m [2m | [22m [1mRaw size[22m
[32mmain.js[39m            [2m | [22m[2mmain[22m  [2m | [22m [36m51.42 kB[39m[2m | [22m

[1mLazy chunk files[22m   [2m | [22m[1mNames[22m [2m | [22m [1mRaw size[22m
[32mchunk-44JJGCGK.js[39m  [2m | [22m[2meditor[22m[2m | [22m[36m680.70 kB[39m[2m | [22m

Application bundle generation complete. [0.836 seconds] - 2026-05-16T03:18:28.741Z

Component update sent to client(s).
[33m❯[39m Changes detected. Rebuilding...
[32m✔[39m Changes detected. Rebuilding...
[1mInitial chunk files[22m[2m | [22m[1mNames[22m [2m | [22m [1mRaw size[22m
[32mmain.js[39m            [2m | [22m[2mmain[22m  [2m | [22m [36m51.42 kB[39m[2m | [22m

[1mLazy chunk files[22m   [2m | [22m[1mNames[22m [2m | [22m [1mRaw size[22m
[32mchunk-V5HUA5KH.js[39m  [2m | [22m[2meditor[22m[2m | [22m[36m679.83 kB[39m[2m | [22m

Application bundle generation complete. [0.991 seconds] - 2026-05-16T03:18:36.329Z

Component update sent to client(s).
[33m❯[39m Changes detected. Rebuilding...
[32m✔[39m Changes detected. Rebuilding...
[1mInitial chunk files[22m[2m | [22m[1mNames[22m [2m | [22m [1mRaw size[22m
[32mmain.js[39m            [2m | [22m[2mmain[22m  [2m | [22m [36m51.42 kB[39m[2m | [22m

[1mLazy chunk files[22m   [2m | [22m[1mNames[22m [2m | [22m [1mRaw size[22m
[32mchunk-2PTJCJ7X.js[39m  [2m | [22m[2meditor[22m[2m | [22m[36m677.46 kB[39m[2m | [22m

Application bundle generation complete. [0.984 seconds] - 2026-05-16T03:18:46.058Z

Component update sent to client(s).
[33m❯[39m Changes detected. Rebuilding...
[32m✔[39m Changes detected. Rebuilding...
[1mInitial chunk files[22m[2m | [22m[1mNames[22m [2m | [22m [1mRaw size[22m
[32mmain.js[39m            [2m | [22m[2mmain[22m  [2m | [22m [36m51.42 kB[39m[2m | [22m

[1mLazy chunk files[22m   [2m | [22m[1mNames[22m [2m | [22m [1mRaw size[22m
[32mchunk-HJQXP26Z.js[39m  [2m | [22m[2meditor[22m[2m | [22m[36m676.58 kB[39m[2m | [22m

Application bundle generation complete. [1.005 seconds] - 2026-05-16T03:19:03.447Z

Component update sent to client(s).
[33m❯[39m Changes detected. Rebuilding...
[32m✔[39m Changes detected. Rebuilding...
[1mInitial chunk files[22m[2m | [22m[1mNames[22m [2m | [22m [1mRaw size[22m
[32mmain.js[39m            [2m | [22m[2mmain[22m  [2m | [22m [36m51.42 kB[39m[2m | [22m

[1mLazy chunk files[22m   [2m | [22m[1mNames[22m [2m | [22m [1mRaw size[22m
[32mchunk-XMRE6VTU.js[39m  [2m | [22m[2meditor[22m[2m | [22m[36m672.92 kB[39m[2m | [22m

Application bundle generation complete. [1.206 seconds] - 2026-05-16T03:19:10.131Z

Component update sent to client(s).
[33m❯[39m Changes detected. Rebuilding...
[32m✔[39m Changes detected. Rebuilding...
[1mInitial chunk files[22m[2m | [22m[1mNames[22m [2m | [22m [1mRaw size[22m
[32mmain.js[39m            [2m | [22m[2mmain[22m  [2m | [22m [36m51.42 kB[39m[2m | [22m

[1mLazy chunk files[22m   [2m | [22m[1mNames[22m [2m | [22m [1mRaw size[22m
[32mchunk-ODX7N2CC.js[39m  [2m | [22m[2meditor[22m[2m | [22m[36m670.65 kB[39m[2m | [22m

Application bundle generation complete. [1.010 seconds] - 2026-05-16T03:19:23.077Z

Component update sent to client(s).
[33m❯[39m Changes detected. Rebuilding...
[32m✔[39m Changes detected. Rebuilding...
[1mInitial chunk files[22m[2m | [22m[1mNames[22m [2m | [22m [1mRaw size[22m
[32mmain.js[39m            [2m | [22m[2mmain[22m  [2m | [22m [36m51.42 kB[39m[2m | [22m

[1mLazy chunk files[22m   [2m | [22m[1mNames[22m [2m | [22m [1mRaw size[22m
[32mchunk-EWLRUDKB.js[39m  [2m | [22m[2meditor[22m[2m | [22m[36m670.89 kB[39m[2m | [22m

Application bundle generation complete. [0.948 seconds] - 2026-05-16T03:19:27.691Z

Component update sent to client(s).
[33m❯[39m Changes detected. Rebuilding...
[32m✔[39m Changes detected. Rebuilding...
[1mInitial chunk files[22m[2m | [22m[1mNames[22m [2m | [22m [1mRaw size[22m
[32mmain.js[39m            [2m | [22m[2mmain[22m  [2m | [22m [36m51.42 kB[39m[2m | [22m

[1mLazy chunk files[22m   [2m | [22m[1mNames[22m [2m | [22m [1mRaw size[22m
[32mchunk-DDI6C5BZ.js[39m  [2m | [22m[2meditor[22m[2m | [22m[36m676.80 kB[39m[2m | [22m

Application bundle generation complete. [1.035 seconds] - 2026-05-16T03:19:50.896Z

Component update sent to client(s).
[33m❯[39m Changes detected. Rebuilding...
[32m✔[39m Changes detected. Rebuilding...
[1mInitial chunk files[22m[2m | [22m[1mNames[22m [2m | [22m [1mRaw size[22m
[32mmain.js[39m            [2m | [22m[2mmain[22m  [2m | [22m [36m51.42 kB[39m[2m | [22m

[1mLazy chunk files[22m   [2m | [22m[1mNames[22m [2m | [22m [1mRaw size[22m
[32mchunk-D23B2ZAQ.js[39m  [2m | [22m[2meditor[22m[2m | [22m[36m677.74 kB[39m[2m | [22m

Application bundle generation complete. [1.033 seconds] - 2026-05-16T03:19:58.221Z

Component update sent to client(s).
[33m❯[39m Changes detected. Rebuilding...
[32m✔[39m Changes detected. Rebuilding...
[1mInitial chunk files[22m[2m | [22m[1mNames[22m [2m | [22m [1mRaw size[22m
[32mmain.js[39m            [2m | [22m[2mmain[22m  [2m | [22m [36m51.42 kB[39m[2m | [22m

[1mLazy chunk files[22m   [2m | [22m[1mNames[22m [2m | [22m [1mRaw size[22m
[32mchunk-NBFBF6Y6.js[39m  [2m | [22m[2meditor[22m[2m | [22m[36m677.88 kB[39m[2m | [22m

Application bundle generation complete. [1.099 seconds] - 2026-05-16T03:39:20.349Z

Page reload sent to client(s).
[33m❯[39m Changes detected. Rebuilding...
[32m✔[39m Changes detected. Rebuilding...
Application bundle generation failed. [1.511 seconds] - 2026-05-16T03:39:46.562Z

[33m❯[39m Changes detected. Rebuilding...
[32m✔[39m Changes detected. Rebuilding...
Application bundle generation failed. [1.147 seconds] - 2026-05-16T03:39:51.530Z

[33m❯[39m Changes detected. Rebuilding...
[32m✔[39m Changes detected. Rebuilding...
Application bundle generation failed. [1.186 seconds] - 2026-05-16T03:40:15.088Z

[33m❯[39m Changes detected. Rebuilding...
[32m✔[39m Changes detected. Rebuilding...
Application bundle generation failed. [1.030 seconds] - 2026-05-16T03:40:17.507Z

[33m❯[39m Changes detected. Rebuilding...
[32m✔[39m Changes detected. Rebuilding...
Application bundle generation failed. [1.232 seconds] - 2026-05-16T03:40:28.868Z

[33m❯[39m Changes detected. Rebuilding...
[32m✔[39m Changes detected. Rebuilding...
Application bundle generation failed. [1.003 seconds] - 2026-05-16T03:40:38.926Z

[33m❯[39m Changes detected. Rebuilding...
[32m✔[39m Changes detected. Rebuilding...
Application bundle generation failed. [0.981 seconds] - 2026-05-16T03:40:49.441Z

[33m❯[39m Changes detected. Rebuilding...
[32m✔[39m Changes detected. Rebuilding...
[1mInitial chunk files[22m[2m | [22m[1mNames[22m           [2m | [22m [1mRaw size[22m
[32mmain.js[39m            [2m | [22m[2mmain[22m            [2m | [22m [36m51.42 kB[39m[2m | [22m
[32mstyles.css[39m         [2m | [22m[2mstyles[22m          [2m | [22m [36m12.89 kB[39m[2m | [22m
[32mchunk-34IR5LSD.js[39m  [2m | [22m[2m-[22m               [2m | [22m  [36m6.00 kB[39m[2m | [22m
[32mchunk-IMTQAFPY.js[39m  [2m | [22m[2m-[22m               [2m | [22m  [36m5.42 kB[39m[2m | [22m
[32mchunk-6QT6OZRQ.js[39m  [2m | [22m[2m-[22m               [2m | [22m  [36m2.74 kB[39m[2m | [22m

[1m [22m                  [2m | [22m[1mInitial total[22m   [2m | [22m [1m78.48 kB[22m

[1mLazy chunk files[22m   [2m | [22m[1mNames[22m           [2m | [22m [1mRaw size[22m
[32mchunk-MSPL6MGB.js[39m  [2m | [22m[2meditor[22m          [2m | [22m[36m680.18 kB[39m[2m | [22m
[32mchunk-2AFMWWTK.js[39m  [2m | [22m[2m-[22m               [2m | [22m[36m168.74 kB[39m[2m | [22m
[32mchunk-UTK67M5K.js[39m  [2m | [22m[2mlanding[22m         [2m | [22m [36m77.44 kB[39m[2m | [22m
[32mchunk-BXJEAMB6.js[39m  [2m | [22m[2mdashboard[22m       [2m | [22m [36m70.05 kB[39m[2m | [22m
[32mchunk-YNXNJKRC.js[39m  [2m | [22m[2manalytics[22m       [2m | [22m [36m58.32 kB[39m[2m | [22m
[32mchunk-NYJBDEJZ.js[39m  [2m | [22m[2mtemplate-details[22m[2m | [22m [36m56.67 kB[39m[2m | [22m
[32mchunk-CII6BBZT.js[39m  [2m | [22m[2m-[22m               [2m | [22m [36m50.32 kB[39m[2m | [22m
[32mchunk-CPBTZYPJ.js[39m  [2m | [22m[2msurvey-response[22m [2m | [22m [36m36.87 kB[39m[2m | [22m
[32mchunk-GF2PD6LZ.js[39m  [2m | [22m[2mtour[22m            [2m | [22m [36m33.72 kB[39m[2m | [22m
[32mchunk-EO63DLPY.js[39m  [2m | [22m[2mtemplates[22m       [2m | [22m [36m27.72 kB[39m[2m | [22m
[32mchunk-IM2RKWPV.js[39m  [2m | [22m[2m-[22m               [2m | [22m [36m23.39 kB[39m[2m | [22m
[32mchunk-T6UT3ZKR.js[39m  [2m | [22m[2mshowcase[22m        [2m | [22m [36m21.91 kB[39m[2m | [22m
[32mchunk-YBWVETW7.js[39m  [2m | [22m[2mapi-docs[22m        [2m | [22m [36m20.67 kB[39m[2m | [22m
[32mchunk-IVXKKQDN.js[39m  [2m | [22m[2m-[22m               [2m | [22m [36m10.35 kB[39m[2m | [22m

Application bundle generation complete. [1.175 seconds] - 2026-05-16T03:40:56.411Z

Page reload sent to client(s).
[33m❯[39m Changes detected. Rebuilding...
[32m✔[39m Changes detected. Rebuilding...
[1mInitial chunk files[22m[2m | [22m[1mNames[22m [2m | [22m [1mRaw size[22m
[32mmain.js[39m            [2m | [22m[2mmain[22m  [2m | [22m [36m51.42 kB[39m[2m | [22m

[1mLazy chunk files[22m   [2m | [22m[1mNames[22m [2m | [22m [1mRaw size[22m
[32mchunk-SDTZPPJU.js[39m  [2m | [22m[2meditor[22m[2m | [22m[36m680.08 kB[39m[2m | [22m

Application bundle generation complete. [1.127 seconds] - 2026-05-16T03:41:02.902Z

Page reload sent to client(s).
[33m❯[39m Changes detected. Rebuilding...
[32m✔[39m Changes detected. Rebuilding...
Application bundle generation failed. [1.436 seconds] - 2026-05-16T03:41:14.059Z

[33m❯[39m Changes detected. Rebuilding...
[32m✔[39m Changes detected. Rebuilding...
[1mInitial chunk files[22m[2m | [22m[1mNames[22m           [2m | [22m [1mRaw size[22m
[32mmain.js[39m            [2m | [22m[2mmain[22m            [2m | [22m [36m51.42 kB[39m[2m | [22m
[32mstyles.css[39m         [2m | [22m[2mstyles[22m          [2m | [22m [36m12.89 kB[39m[2m | [22m
[32mchunk-34IR5LSD.js[39m  [2m | [22m[2m-[22m               [2m | [22m  [36m6.00 kB[39m[2m | [22m
[32mchunk-IMTQAFPY.js[39m  [2m | [22m[2m-[22m               [2m | [22m  [36m5.42 kB[39m[2m | [22m
[32mchunk-6QT6OZRQ.js[39m  [2m | [22m[2m-[22m               [2m | [22m  [36m2.74 kB[39m[2m | [22m

[1m [22m                  [2m | [22m[1mInitial total[22m   [2m | [22m [1m78.48 kB[22m

[1mLazy chunk files[22m   [2m | [22m[1mNames[22m           [2m | [22m [1mRaw size[22m
[32mchunk-Y23QSEJI.js[39m  [2m | [22m[2meditor[22m          [2m | [22m[36m686.30 kB[39m[2m | [22m
[32mchunk-2AFMWWTK.js[39m  [2m | [22m[2m-[22m               [2m | [22m[36m168.74 kB[39m[2m | [22m
[32mchunk-UTK67M5K.js[39m  [2m | [22m[2mlanding[22m         [2m | [22m [36m77.44 kB[39m[2m | [22m
[32mchunk-BXJEAMB6.js[39m  [2m | [22m[2mdashboard[22m       [2m | [22m [36m70.05 kB[39m[2m | [22m
[32mchunk-YNXNJKRC.js[39m  [2m | [22m[2manalytics[22m       [2m | [22m [36m58.32 kB[39m[2m | [22m
[32mchunk-NYJBDEJZ.js[39m  [2m | [22m[2mtemplate-details[22m[2m | [22m [36m56.67 kB[39m[2m | [22m
[32mchunk-CII6BBZT.js[39m  [2m | [22m[2m-[22m               [2m | [22m [36m50.32 kB[39m[2m | [22m
[32mchunk-CPBTZYPJ.js[39m  [2m | [22m[2msurvey-response[22m [2m | [22m [36m36.87 kB[39m[2m | [22m
[32mchunk-GF2PD6LZ.js[39m  [2m | [22m[2mtour[22m            [2m | [22m [36m33.72 kB[39m[2m | [22m
[32mchunk-EO63DLPY.js[39m  [2m | [22m[2mtemplates[22m       [2m | [22m [36m27.72 kB[39m[2m | [22m
[32mchunk-IM2RKWPV.js[39m  [2m | [22m[2m-[22m               [2m | [22m [36m23.39 kB[39m[2m | [22m
[32mchunk-T6UT3ZKR.js[39m  [2m | [22m[2mshowcase[22m        [2m | [22m [36m21.91 kB[39m[2m | [22m
[32mchunk-YBWVETW7.js[39m  [2m | [22m[2mapi-docs[22m        [2m | [22m [36m20.67 kB[39m[2m | [22m
[32mchunk-IVXKKQDN.js[39m  [2m | [22m[2m-[22m               [2m | [22m [36m10.35 kB[39m[2m | [22m

Application bundle generation complete. [1.469 seconds] - 2026-05-16T03:41:40.641Z

Page reload sent to client(s).
[33m❯[39m Changes detected. Rebuilding...
[32m✔[39m Changes detected. Rebuilding...
[1mInitial chunk files[22m[2m | [22m[1mNames[22m [2m | [22m [1mRaw size[22m
[32mmain.js[39m            [2m | [22m[2mmain[22m  [2m | [22m [36m51.42 kB[39m[2m | [22m

[1mLazy chunk files[22m   [2m | [22m[1mNames[22m [2m | [22m [1mRaw size[22m
[32mchunk-7CKIIWPX.js[39m  [2m | [22m[2meditor[22m[2m | [22m[36m686.31 kB[39m[2m | [22m

Application bundle generation complete. [1.887 seconds] - 2026-05-16T03:41:56.878Z

Page reload sent to client(s).
[33m❯[39m Changes detected. Rebuilding...
[32m✔[39m Changes detected. Rebuilding...
[1mInitial chunk files[22m[2m | [22m[1mNames[22m [2m | [22m [1mRaw size[22m
[32mmain.js[39m            [2m | [22m[2mmain[22m  [2m | [22m [36m51.42 kB[39m[2m | [22m

[1mLazy chunk files[22m   [2m | [22m[1mNames[22m [2m | [22m [1mRaw size[22m
[32mchunk-4R2LFBPM.js[39m  [2m | [22m[2meditor[22m[2m | [22m[36m687.20 kB[39m[2m | [22m

Application bundle generation complete. [1.364 seconds] - 2026-05-16T03:42:02.908Z

Component update sent to client(s).
